<?xml version="1.0" encoding="UTF-8"?>

<!-- generated on Mon Oct 15 16:20:35 2018 by Eclipse SUMO Version 1.0.0
<configuration xmlns:xsi="http://www.w3.org/2001/XMLSchema-instance" xsi:noNamespaceSchemaLocation="http://sumo.dlr.de/xsd/sumoConfiguration.xsd">

    <input>
        <net-file value="data/cross.net.xml"/>
        <route-files value="data/cross.rou.xml"/>
        <additional-files value="data/cross.det.xml"/>
    </input>

    <output>
        <tripinfo-output value="tripinfo.xml"/>
    </output>

    <time>
        <begin value="0"/>
    </time>

    <report>
        <verbose value="true"/>
        <no-step-log value="true"/>
    </report>

    <traci_server>
        <remote-port value="58884"/>
    </traci_server>

    <gui_only>
        <gui-settings-file value="data/cross.settings.xml"/>
    </gui_only>

</configuration>
-->

<detector xmlns:xsi="http://www.w3.org/2001/XMLSchema-instance" xsi:noNamespaceSchemaLocation="http://sumo.dlr.de/xsd/det_e2_file.xsd">
    <tlsState time="0.00" id="A" programID="0" phase="0" state="GGGggrrrrrGGGggrrrrr"/>
    <tlsState time="1.00" id="A" programID="0" phase="0" state="GGGggrrrrrGGGggrrrrr"/>
    <tlsState time="2.00" id="A" programID="0" phase="0" state="GGGggrrrrrGGGggrrrrr"/>
    <tlsState time="3.00" id="A" programID="0" phase="0" state="GGGggrrrrrGGGggrrrrr"/>
    <tlsState time="4.00" id="A" programID="0" phase="0" state="GGGggrrrrrGGGggrrrrr"/>
    <tlsState time="5.00" id="A" programID="0" phase="0" state="GGGggrrrrrGGGggrrrrr"/>
    <tlsState time="6.00" id="A" programID="0" phase="0" state="GGGggrrrrrGGGggrrrrr"/>
    <tlsState time="7.00" id="A" programID="0" phase="0" state="GGGggrrrrrGGGggrrrrr"/>
    <tlsState time="8.00" id="A" programID="0" phase="0" state="GGGggrrrrrGGGggrrrrr"/>
    <tlsState time="9.00" id="A" programID="0" phase="0" state="GGGggrrrrrGGGggrrrrr"/>
   <interval begin="0.00" end="10.00" id="wA0" sampledSeconds="0.00" nVehEntered="0" nVehLeft="0" nVehSeen="0" meanSpeed="-1.00" meanTimeLoss="-1.00" meanOccupancy="0.00" maxOccupancy="0.00" meanMaxJamLengthInVehicles="0.00" meanMaxJamLengthInMeters="0.00" maxJamLengthInVehicles="0" maxJamLengthInMeters="0.00" jamLengthInVehiclesSum="0" jamLengthInMetersSum="0.00" meanHaltingDuration="0.00" maxHaltingDuration="0.00" haltingDurationSum="0.00" meanIntervalHaltingDuration="0.00" maxIntervalHaltingDuration="0.00" intervalHaltingDurationSum="0.00" startedHalts="0.00" meanVehicleNumber="0.00" maxVehicleNumber="0" />
   <interval begin="0.00" end="10.00" id="nA0" sampledSeconds="0.00" nVehEntered="0" nVehLeft="0" nVehSeen="0" meanSpeed="-1.00" meanTimeLoss="-1.00" meanOccupancy="0.00" maxOccupancy="0.00" meanMaxJamLengthInVehicles="0.00" meanMaxJamLengthInMeters="0.00" maxJamLengthInVehicles="0" maxJamLengthInMeters="0.00" jamLengthInVehiclesSum="0" jamLengthInMetersSum="0.00" meanHaltingDuration="0.00" maxHaltingDuration="0.00" haltingDurationSum="0.00" meanIntervalHaltingDuration="0.00" maxIntervalHaltingDuration="0.00" intervalHaltingDurationSum="0.00" startedHalts="0.00" meanVehicleNumber="0.00" maxVehicleNumber="0" />
   <interval begin="0.00" end="10.00" id="eA0" sampledSeconds="0.00" nVehEntered="0" nVehLeft="0" nVehSeen="0" meanSpeed="-1.00" meanTimeLoss="-1.00" meanOccupancy="0.00" maxOccupancy="0.00" meanMaxJamLengthInVehicles="0.00" meanMaxJamLengthInMeters="0.00" maxJamLengthInVehicles="0" maxJamLengthInMeters="0.00" jamLengthInVehiclesSum="0" jamLengthInMetersSum="0.00" meanHaltingDuration="0.00" maxHaltingDuration="0.00" haltingDurationSum="0.00" meanIntervalHaltingDuration="0.00" maxIntervalHaltingDuration="0.00" intervalHaltingDurationSum="0.00" startedHalts="0.00" meanVehicleNumber="0.00" maxVehicleNumber="0" />
   <interval begin="0.00" end="10.00" id="sA0" sampledSeconds="0.00" nVehEntered="0" nVehLeft="0" nVehSeen="0" meanSpeed="-1.00" meanTimeLoss="-1.00" meanOccupancy="0.00" maxOccupancy="0.00" meanMaxJamLengthInVehicles="0.00" meanMaxJamLengthInMeters="0.00" maxJamLengthInVehicles="0" maxJamLengthInMeters="0.00" jamLengthInVehiclesSum="0" jamLengthInMetersSum="0.00" meanHaltingDuration="0.00" maxHaltingDuration="0.00" haltingDurationSum="0.00" meanIntervalHaltingDuration="0.00" maxIntervalHaltingDuration="0.00" intervalHaltingDurationSum="0.00" startedHalts="0.00" meanVehicleNumber="0.00" maxVehicleNumber="0" />
    <tlsState time="10.00" id="A" programID="0" phase="0" state="GGGggrrrrrGGGggrrrrr"/>
    <tlsState time="11.00" id="A" programID="0" phase="0" state="GGGggrrrrrGGGggrrrrr"/>
    <tlsState time="12.00" id="A" programID="0" phase="0" state="GGGggrrrrrGGGggrrrrr"/>
    <tlsState time="13.00" id="A" programID="0" phase="0" state="GGGggrrrrrGGGggrrrrr"/>
    <tlsState time="14.00" id="A" programID="0" phase="0" state="GGGggrrrrrGGGggrrrrr"/>
    <tlsState time="15.00" id="A" programID="0" phase="0" state="GGGggrrrrrGGGggrrrrr"/>
    <tlsState time="16.00" id="A" programID="0" phase="0" state="GGGggrrrrrGGGggrrrrr"/>
    <tlsState time="17.00" id="A" programID="0" phase="0" state="GGGggrrrrrGGGggrrrrr"/>
    <tlsState time="18.00" id="A" programID="0" phase="0" state="GGGggrrrrrGGGggrrrrr"/>
    <tlsState time="19.00" id="A" programID="0" phase="0" state="GGGggrrrrrGGGggrrrrr"/>
   <interval begin="10.00" end="20.00" id="wA0" sampledSeconds="0.00" nVehEntered="0" nVehLeft="0" nVehSeen="0" meanSpeed="-1.00" meanTimeLoss="-1.00" meanOccupancy="0.00" maxOccupancy="0.00" meanMaxJamLengthInVehicles="0.00" meanMaxJamLengthInMeters="0.00" maxJamLengthInVehicles="0" maxJamLengthInMeters="0.00" jamLengthInVehiclesSum="0" jamLengthInMetersSum="0.00" meanHaltingDuration="0.00" maxHaltingDuration="0.00" haltingDurationSum="0.00" meanIntervalHaltingDuration="0.00" maxIntervalHaltingDuration="0.00" intervalHaltingDurationSum="0.00" startedHalts="0.00" meanVehicleNumber="0.00" maxVehicleNumber="0" />
   <interval begin="10.00" end="20.00" id="nA0" sampledSeconds="0.00" nVehEntered="0" nVehLeft="0" nVehSeen="0" meanSpeed="-1.00" meanTimeLoss="-1.00" meanOccupancy="0.00" maxOccupancy="0.00" meanMaxJamLengthInVehicles="0.00" meanMaxJamLengthInMeters="0.00" maxJamLengthInVehicles="0" maxJamLengthInMeters="0.00" jamLengthInVehiclesSum="0" jamLengthInMetersSum="0.00" meanHaltingDuration="0.00" maxHaltingDuration="0.00" haltingDurationSum="0.00" meanIntervalHaltingDuration="0.00" maxIntervalHaltingDuration="0.00" intervalHaltingDurationSum="0.00" startedHalts="0.00" meanVehicleNumber="0.00" maxVehicleNumber="0" />
   <interval begin="10.00" end="20.00" id="eA0" sampledSeconds="0.00" nVehEntered="0" nVehLeft="0" nVehSeen="0" meanSpeed="-1.00" meanTimeLoss="-1.00" meanOccupancy="0.00" maxOccupancy="0.00" meanMaxJamLengthInVehicles="0.00" meanMaxJamLengthInMeters="0.00" maxJamLengthInVehicles="0" maxJamLengthInMeters="0.00" jamLengthInVehiclesSum="0" jamLengthInMetersSum="0.00" meanHaltingDuration="0.00" maxHaltingDuration="0.00" haltingDurationSum="0.00" meanIntervalHaltingDuration="0.00" maxIntervalHaltingDuration="0.00" intervalHaltingDurationSum="0.00" startedHalts="0.00" meanVehicleNumber="0.00" maxVehicleNumber="0" />
   <interval begin="10.00" end="20.00" id="sA0" sampledSeconds="0.00" nVehEntered="0" nVehLeft="0" nVehSeen="0" meanSpeed="-1.00" meanTimeLoss="-1.00" meanOccupancy="0.00" maxOccupancy="0.00" meanMaxJamLengthInVehicles="0.00" meanMaxJamLengthInMeters="0.00" maxJamLengthInVehicles="0" maxJamLengthInMeters="0.00" jamLengthInVehiclesSum="0" jamLengthInMetersSum="0.00" meanHaltingDuration="0.00" maxHaltingDuration="0.00" haltingDurationSum="0.00" meanIntervalHaltingDuration="0.00" maxIntervalHaltingDuration="0.00" intervalHaltingDurationSum="0.00" startedHalts="0.00" meanVehicleNumber="0.00" maxVehicleNumber="0" />
    <tlsState time="20.00" id="A" programID="0" phase="0" state="GGGggrrrrrGGGggrrrrr"/>
    <tlsState time="21.00" id="A" programID="0" phase="0" state="GGGggrrrrrGGGggrrrrr"/>
    <tlsState time="22.00" id="A" programID="0" phase="0" state="GGGggrrrrrGGGggrrrrr"/>
    <tlsState time="23.00" id="A" programID="0" phase="0" state="GGGggrrrrrGGGggrrrrr"/>
    <tlsState time="24.00" id="A" programID="0" phase="0" state="GGGggrrrrrGGGggrrrrr"/>
    <tlsState time="25.00" id="A" programID="0" phase="0" state="GGGggrrrrrGGGggrrrrr"/>
    <tlsState time="26.00" id="A" programID="0" phase="0" state="GGGggrrrrrGGGggrrrrr"/>
    <tlsState time="27.00" id="A" programID="0" phase="0" state="GGGggrrrrrGGGggrrrrr"/>
    <tlsState time="28.00" id="A" programID="0" phase="0" state="GGGggrrrrrGGGggrrrrr"/>
    <tlsState time="29.00" id="A" programID="0" phase="0" state="GGGggrrrrrGGGggrrrrr"/>
   <interval begin="20.00" end="30.00" id="wA0" sampledSeconds="6.60" nVehEntered="2" nVehLeft="1" nVehSeen="2" meanSpeed="6.01" meanTimeLoss="1.81" meanOccupancy="8.21" maxOccupancy="21.35" meanMaxJamLengthInVehicles="0.10" meanMaxJamLengthInMeters="0.14" maxJamLengthInVehicles="1" maxJamLengthInMeters="1.40" jamLengthInVehiclesSum="1" jamLengthInMetersSum="1.40" meanHaltingDuration="2.00" maxHaltingDuration="2.00" haltingDurationSum="2.00" meanIntervalHaltingDuration="2.00" maxIntervalHaltingDuration="2.00" intervalHaltingDurationSum="2.00" startedHalts="1.00" meanVehicleNumber="0.80" maxVehicleNumber="2" />
   <interval begin="20.00" end="30.00" id="nA0" sampledSeconds="3.54" nVehEntered="2" nVehLeft="1" nVehSeen="2" meanSpeed="13.79" meanTimeLoss="0.04" meanOccupancy="5.00" maxOccupancy="16.67" meanMaxJamLengthInVehicles="0.00" meanMaxJamLengthInMeters="0.00" maxJamLengthInVehicles="0" maxJamLengthInMeters="0.00" jamLengthInVehiclesSum="0" jamLengthInMetersSum="0.00" meanHaltingDuration="0.00" maxHaltingDuration="0.00" haltingDurationSum="0.00" meanIntervalHaltingDuration="0.00" maxIntervalHaltingDuration="0.00" intervalHaltingDurationSum="0.00" startedHalts="0.00" meanVehicleNumber="0.40" maxVehicleNumber="1" />
   <interval begin="20.00" end="30.00" id="eA0" sampledSeconds="7.56" nVehEntered="1" nVehLeft="0" nVehSeen="1" meanSpeed="4.44" meanTimeLoss="5.28" meanOccupancy="7.50" maxOccupancy="16.67" meanMaxJamLengthInVehicles="0.30" meanMaxJamLengthInMeters="0.42" maxJamLengthInVehicles="1" maxJamLengthInMeters="1.42" jamLengthInVehiclesSum="3" jamLengthInMetersSum="4.22" meanHaltingDuration="4.00" maxHaltingDuration="4.00" haltingDurationSum="4.00" meanIntervalHaltingDuration="4.00" maxIntervalHaltingDuration="4.00" intervalHaltingDurationSum="4.00" startedHalts="1.00" meanVehicleNumber="0.80" maxVehicleNumber="1" />
   <interval begin="20.00" end="30.00" id="sA0" sampledSeconds="0.00" nVehEntered="0" nVehLeft="0" nVehSeen="0" meanSpeed="-1.00" meanTimeLoss="-1.00" meanOccupancy="0.00" maxOccupancy="0.00" meanMaxJamLengthInVehicles="0.00" meanMaxJamLengthInMeters="0.00" maxJamLengthInVehicles="0" maxJamLengthInMeters="0.00" jamLengthInVehiclesSum="0" jamLengthInMetersSum="0.00" meanHaltingDuration="0.00" maxHaltingDuration="0.00" haltingDurationSum="0.00" meanIntervalHaltingDuration="0.00" maxIntervalHaltingDuration="0.00" intervalHaltingDurationSum="0.00" startedHalts="0.00" meanVehicleNumber="0.00" maxVehicleNumber="0" />
    <tlsState time="30.00" id="A" programID="0" phase="0" state="GGGggrrrrrGGGggrrrrr"/>
    <tlsState time="31.00" id="A" programID="0" phase="0" state="GGGggrrrrrGGGggrrrrr"/>
    <tlsState time="32.00" id="A" programID="0" phase="0" state="GGGggrrrrrGGGggrrrrr"/>
    <tlsState time="33.00" id="A" programID="0" phase="0" state="GGGggrrrrrGGGggrrrrr"/>
    <tlsState time="34.00" id="A" programID="0" phase="0" state="GGGggrrrrrGGGggrrrrr"/>
    <tlsState time="35.00" id="A" programID="0" phase="0" state="GGGggrrrrrGGGggrrrrr"/>
    <tlsState time="36.00" id="A" programID="0" phase="0" state="GGGggrrrrrGGGggrrrrr"/>
    <tlsState time="37.00" id="A" programID="0" phase="0" state="GGGggrrrrrGGGggrrrrr"/>
    <tlsState time="38.00" id="A" programID="0" phase="0" state="GGGggrrrrrGGGggrrrrr"/>
    <tlsState time="39.00" id="A" programID="0" phase="0" state="GGGggrrrrrGGGggrrrrr"/>
   <interval begin="30.00" end="40.00" id="wA0" sampledSeconds="14.20" nVehEntered="1" nVehLeft="0" nVehSeen="2" meanSpeed="1.84" meanTimeLoss="6.04" meanOccupancy="12.16" maxOccupancy="21.34" meanMaxJamLengthInVehicles="1.00" meanMaxJamLengthInMeters="1.40" maxJamLengthInVehicles="1" maxJamLengthInMeters="1.40" jamLengthInVehiclesSum="10" jamLengthInMetersSum="14.01" meanHaltingDuration="6.50" maxHaltingDuration="12.00" haltingDurationSum="13.00" meanIntervalHaltingDuration="5.50" maxIntervalHaltingDuration="10.00" intervalHaltingDurationSum="11.00" startedHalts="1.00" meanVehicleNumber="1.50" maxVehicleNumber="2" />
   <interval begin="30.00" end="40.00" id="nA0" sampledSeconds="4.62" nVehEntered="1" nVehLeft="2" nVehSeen="2" meanSpeed="12.17" meanTimeLoss="0.05" meanOccupancy="5.76" maxOccupancy="16.67" meanMaxJamLengthInVehicles="0.00" meanMaxJamLengthInMeters="0.00" maxJamLengthInVehicles="0" maxJamLengthInMeters="0.00" jamLengthInVehiclesSum="0" jamLengthInMetersSum="0.00" meanHaltingDuration="0.00" maxHaltingDuration="0.00" haltingDurationSum="0.00" meanIntervalHaltingDuration="0.00" maxIntervalHaltingDuration="0.00" intervalHaltingDurationSum="0.00" startedHalts="0.00" meanVehicleNumber="0.60" maxVehicleNumber="1" />
   <interval begin="30.00" end="40.00" id="eA0" sampledSeconds="10.76" nVehEntered="1" nVehLeft="1" nVehSeen="2" meanSpeed="0.95" meanTimeLoss="5.03" meanOccupancy="6.34" maxOccupancy="21.34" meanMaxJamLengthInVehicles="1.00" meanMaxJamLengthInMeters="1.40" maxJamLengthInVehicles="1" maxJamLengthInMeters="1.40" jamLengthInVehiclesSum="10" jamLengthInMetersSum="14.01" meanHaltingDuration="14.00" maxHaltingDuration="14.00" haltingDurationSum="14.00" meanIntervalHaltingDuration="10.00" maxIntervalHaltingDuration="10.00" intervalHaltingDurationSum="10.00" startedHalts="0.00" meanVehicleNumber="1.10" maxVehicleNumber="2" />
   <interval begin="30.00" end="40.00" id="sA0" sampledSeconds="0.00" nVehEntered="0" nVehLeft="0" nVehSeen="0" meanSpeed="-1.00" meanTimeLoss="-1.00" meanOccupancy="0.00" maxOccupancy="0.00" meanMaxJamLengthInVehicles="0.00" meanMaxJamLengthInMeters="0.00" maxJamLengthInVehicles="0" maxJamLengthInMeters="0.00" jamLengthInVehiclesSum="0" jamLengthInMetersSum="0.00" meanHaltingDuration="0.00" maxHaltingDuration="0.00" haltingDurationSum="0.00" meanIntervalHaltingDuration="0.00" maxIntervalHaltingDuration="0.00" intervalHaltingDurationSum="0.00" startedHalts="0.00" meanVehicleNumber="0.00" maxVehicleNumber="0" />
    <tlsState time="40.00" id="A" programID="0" phase="0" state="GGGggrrrrrGGGggrrrrr"/>
    <tlsState time="41.00" id="A" programID="0" phase="0" state="GGGggrrrrrGGGggrrrrr"/>
    <tlsState time="42.00" id="A" programID="0" phase="1" state="yyyyyrrrrryyyyyrrrrr"/>
    <tlsState time="43.00" id="A" programID="0" phase="1" state="yyyyyrrrrryyyyyrrrrr"/>
    <tlsState time="44.00" id="A" programID="0" phase="1" state="yyyyyrrrrryyyyyrrrrr"/>
    <tlsState time="45.00" id="A" programID="0" phase="2" state="rrrrrGGGggrrrrrGGGgg"/>
    <tlsState time="46.00" id="A" programID="0" phase="2" state="rrrrrGGGggrrrrrGGGgg"/>
    <tlsState time="47.00" id="A" programID="0" phase="2" state="rrrrrGGGggrrrrrGGGgg"/>
    <tlsState time="48.00" id="A" programID="0" phase="2" state="rrrrrGGGggrrrrrGGGgg"/>
    <tlsState time="49.00" id="A" programID="0" phase="2" state="rrrrrGGGggrrrrrGGGgg"/>
   <interval begin="40.00" end="50.00" id="wA0" sampledSeconds="20.22" nVehEntered="2" nVehLeft="2" nVehSeen="4" meanSpeed="2.00" meanTimeLoss="4.32" meanOccupancy="25.30" maxOccupancy="38.00" meanMaxJamLengthInVehicles="1.50" meanMaxJamLengthInMeters="9.44" maxJamLengthInVehicles="2" maxJamLengthInMeters="13.83" jamLengthInVehiclesSum="15" jamLengthInMetersSum="94.40" meanHaltingDuration="9.00" maxHaltingDuration="9.00" haltingDurationSum="9.00" meanIntervalHaltingDuration="8.00" maxIntervalHaltingDuration="8.00" intervalHaltingDurationSum="8.00" startedHalts="0.00" meanVehicleNumber="2.10" maxVehicleNumber="3" />
   <interval begin="40.00" end="50.00" id="nA0" sampledSeconds="1.46" nVehEntered="1" nVehLeft="0" nVehSeen="1" meanSpeed="13.54" meanTimeLoss="0.07" meanOccupancy="3.33" maxOccupancy="16.67" meanMaxJamLengthInVehicles="0.00" meanMaxJamLengthInMeters="0.00" maxJamLengthInVehicles="0" maxJamLengthInMeters="0.00" jamLengthInVehiclesSum="0" jamLengthInMetersSum="0.00" meanHaltingDuration="0.00" maxHaltingDuration="0.00" haltingDurationSum="0.00" meanIntervalHaltingDuration="0.00" maxIntervalHaltingDuration="0.00" intervalHaltingDurationSum="0.00" startedHalts="0.00" meanVehicleNumber="0.20" maxVehicleNumber="1" />
   <interval begin="40.00" end="50.00" id="eA0" sampledSeconds="6.69" nVehEntered="0" nVehLeft="1" nVehSeen="1" meanSpeed="0.21" meanTimeLoss="6.60" meanOccupancy="2.60" maxOccupancy="4.67" meanMaxJamLengthInVehicles="0.70" meanMaxJamLengthInMeters="0.78" maxJamLengthInVehicles="1" maxJamLengthInMeters="1.40" jamLengthInVehiclesSum="7" jamLengthInMetersSum="7.81" meanHaltingDuration="0.00" maxHaltingDuration="0.00" haltingDurationSum="0.00" meanIntervalHaltingDuration="0.00" maxIntervalHaltingDuration="0.00" intervalHaltingDurationSum="0.00" startedHalts="0.00" meanVehicleNumber="0.70" maxVehicleNumber="1" />
   <interval begin="40.00" end="50.00" id="sA0" sampledSeconds="6.05" nVehEntered="1" nVehLeft="0" nVehSeen="1" meanSpeed="5.55" meanTimeLoss="3.23" meanOccupancy="6.34" maxOccupancy="16.67" meanMaxJamLengthInVehicles="0.10" meanMaxJamLengthInMeters="0.14" maxJamLengthInVehicles="1" maxJamLengthInMeters="1.40" jamLengthInVehiclesSum="1" jamLengthInMetersSum="1.40" meanHaltingDuration="2.00" maxHaltingDuration="2.00" haltingDurationSum="2.00" meanIntervalHaltingDuration="2.00" maxIntervalHaltingDuration="2.00" intervalHaltingDurationSum="2.00" startedHalts="1.00" meanVehicleNumber="0.70" maxVehicleNumber="1" />
    <tlsState time="50.00" id="A" programID="0" phase="2" state="rrrrrGGGggrrrrrGGGgg"/>
    <tlsState time="51.00" id="A" programID="0" phase="2" state="rrrrrGGGggrrrrrGGGgg"/>
    <tlsState time="52.00" id="A" programID="0" phase="2" state="rrrrrGGGggrrrrrGGGgg"/>
    <tlsState time="53.00" id="A" programID="0" phase="2" state="rrrrrGGGggrrrrrGGGgg"/>
    <tlsState time="54.00" id="A" programID="0" phase="2" state="rrrrrGGGggrrrrrGGGgg"/>
    <tlsState time="55.00" id="A" programID="0" phase="2" state="rrrrrGGGggrrrrrGGGgg"/>
    <tlsState time="56.00" id="A" programID="0" phase="2" state="rrrrrGGGggrrrrrGGGgg"/>
    <tlsState time="57.00" id="A" programID="0" phase="2" state="rrrrrGGGggrrrrrGGGgg"/>
    <tlsState time="58.00" id="A" programID="0" phase="2" state="rrrrrGGGggrrrrrGGGgg"/>
    <tlsState time="59.00" id="A" programID="0" phase="2" state="rrrrrGGGggrrrrrGGGgg"/>
   <interval begin="50.00" end="60.00" id="wA0" sampledSeconds="6.28" nVehEntered="1" nVehLeft="3" nVehSeen="3" meanSpeed="5.75" meanTimeLoss="1.27" meanOccupancy="7.46" maxOccupancy="17.14" meanMaxJamLengthInVehicles="0.00" meanMaxJamLengthInMeters="0.00" maxJamLengthInVehicles="0" maxJamLengthInMeters="0.00" jamLengthInVehiclesSum="0" jamLengthInMetersSum="0.00" meanHaltingDuration="0.00" maxHaltingDuration="0.00" haltingDurationSum="0.00" meanIntervalHaltingDuration="0.00" maxIntervalHaltingDuration="0.00" intervalHaltingDurationSum="0.00" startedHalts="0.00" meanVehicleNumber="0.90" maxVehicleNumber="2" />
   <interval begin="50.00" end="60.00" id="nA0" sampledSeconds="10.00" nVehEntered="0" nVehLeft="0" nVehSeen="1" meanSpeed="1.38" meanTimeLoss="9.03" meanOccupancy="5.93" maxOccupancy="16.67" meanMaxJamLengthInVehicles="0.70" meanMaxJamLengthInMeters="0.98" maxJamLengthInVehicles="1" maxJamLengthInMeters="1.41" jamLengthInVehiclesSum="7" jamLengthInMetersSum="9.82" meanHaltingDuration="8.00" maxHaltingDuration="8.00" haltingDurationSum="8.00" meanIntervalHaltingDuration="8.00" maxIntervalHaltingDuration="8.00" intervalHaltingDurationSum="8.00" startedHalts="1.00" meanVehicleNumber="1.00" maxVehicleNumber="1" />
   <interval begin="50.00" end="60.00" id="eA0" sampledSeconds="2.76" nVehEntered="1" nVehLeft="1" nVehSeen="1" meanSpeed="12.68" meanTimeLoss="0.04" meanOccupancy="4.61" maxOccupancy="16.67" meanMaxJamLengthInVehicles="0.00" meanMaxJamLengthInMeters="0.00" maxJamLengthInVehicles="0" maxJamLengthInMeters="0.00" jamLengthInVehiclesSum="0" jamLengthInMetersSum="0.00" meanHaltingDuration="0.00" maxHaltingDuration="0.00" haltingDurationSum="0.00" meanIntervalHaltingDuration="0.00" maxIntervalHaltingDuration="0.00" intervalHaltingDurationSum="0.00" startedHalts="0.00" meanVehicleNumber="0.40" maxVehicleNumber="1" />
   <interval begin="50.00" end="60.00" id="sA0" sampledSeconds="10.00" nVehEntered="0" nVehLeft="0" nVehSeen="1" meanSpeed="0.00" meanTimeLoss="10.00" meanOccupancy="4.67" maxOccupancy="4.67" meanMaxJamLengthInVehicles="1.00" meanMaxJamLengthInMeters="1.40" maxJamLengthInVehicles="1" maxJamLengthInMeters="1.40" jamLengthInVehiclesSum="10" jamLengthInMetersSum="14.01" meanHaltingDuration="12.00" maxHaltingDuration="12.00" haltingDurationSum="12.00" meanIntervalHaltingDuration="10.00" maxIntervalHaltingDuration="10.00" intervalHaltingDurationSum="10.00" startedHalts="0.00" meanVehicleNumber="1.00" maxVehicleNumber="1" />
    <tlsState time="60.00" id="A" programID="0" phase="2" state="rrrrrGGGggrrrrrGGGgg"/>
    <tlsState time="61.00" id="A" programID="0" phase="2" state="rrrrrGGGggrrrrrGGGgg"/>
    <tlsState time="62.00" id="A" programID="0" phase="2" state="rrrrrGGGggrrrrrGGGgg"/>
    <tlsState time="63.00" id="A" programID="0" phase="2" state="rrrrrGGGggrrrrrGGGgg"/>
    <tlsState time="64.00" id="A" programID="0" phase="2" state="rrrrrGGGggrrrrrGGGgg"/>
    <tlsState time="65.00" id="A" programID="0" phase="2" state="rrrrrGGGggrrrrrGGGgg"/>
    <tlsState time="66.00" id="A" programID="0" phase="2" state="rrrrrGGGggrrrrrGGGgg"/>
    <tlsState time="67.00" id="A" programID="0" phase="2" state="rrrrrGGGggrrrrrGGGgg"/>
    <tlsState time="68.00" id="A" programID="0" phase="2" state="rrrrrGGGggrrrrrGGGgg"/>
    <tlsState time="69.00" id="A" programID="0" phase="2" state="rrrrrGGGggrrrrrGGGgg"/>
   <interval begin="60.00" end="70.00" id="wA0" sampledSeconds="5.42" nVehEntered="3" nVehLeft="2" nVehSeen="3" meanSpeed="13.44" meanTimeLoss="0.13" meanOccupancy="8.86" maxOccupancy="16.67" meanMaxJamLengthInVehicles="0.00" meanMaxJamLengthInMeters="0.00" maxJamLengthInVehicles="0" maxJamLengthInMeters="0.00" jamLengthInVehiclesSum="0" jamLengthInMetersSum="0.00" meanHaltingDuration="0.00" maxHaltingDuration="0.00" haltingDurationSum="0.00" meanIntervalHaltingDuration="0.00" maxIntervalHaltingDuration="0.00" intervalHaltingDurationSum="0.00" startedHalts="0.00" meanVehicleNumber="0.90" maxVehicleNumber="2" />
   <interval begin="60.00" end="70.00" id="nA0" sampledSeconds="10.97" nVehEntered="1" nVehLeft="1" nVehSeen="2" meanSpeed="1.14" meanTimeLoss="5.01" meanOccupancy="6.34" maxOccupancy="21.34" meanMaxJamLengthInVehicles="1.00" meanMaxJamLengthInMeters="1.40" maxJamLengthInVehicles="1" maxJamLengthInMeters="1.40" jamLengthInVehiclesSum="10" jamLengthInMetersSum="14.01" meanHaltingDuration="18.00" maxHaltingDuration="18.00" haltingDurationSum="18.00" meanIntervalHaltingDuration="10.00" maxIntervalHaltingDuration="10.00" intervalHaltingDurationSum="10.00" startedHalts="0.00" meanVehicleNumber="1.10" maxVehicleNumber="2" />
   <interval begin="60.00" end="70.00" id="eA0" sampledSeconds="0.00" nVehEntered="0" nVehLeft="0" nVehSeen="0" meanSpeed="-1.00" meanTimeLoss="-1.00" meanOccupancy="0.00" maxOccupancy="0.00" meanMaxJamLengthInVehicles="0.00" meanMaxJamLengthInMeters="0.00" maxJamLengthInVehicles="0" maxJamLengthInMeters="0.00" jamLengthInVehiclesSum="0" jamLengthInMetersSum="0.00" meanHaltingDuration="0.00" maxHaltingDuration="0.00" haltingDurationSum="0.00" meanIntervalHaltingDuration="0.00" maxIntervalHaltingDuration="0.00" intervalHaltingDurationSum="0.00" startedHalts="0.00" meanVehicleNumber="0.00" maxVehicleNumber="0" />
   <interval begin="60.00" end="70.00" id="sA0" sampledSeconds="10.00" nVehEntered="0" nVehLeft="0" nVehSeen="1" meanSpeed="0.00" meanTimeLoss="10.00" meanOccupancy="4.67" maxOccupancy="4.67" meanMaxJamLengthInVehicles="1.00" meanMaxJamLengthInMeters="1.40" maxJamLengthInVehicles="1" maxJamLengthInMeters="1.40" jamLengthInVehiclesSum="10" jamLengthInMetersSum="14.01" meanHaltingDuration="22.00" maxHaltingDuration="22.00" haltingDurationSum="22.00" meanIntervalHaltingDuration="10.00" maxIntervalHaltingDuration="10.00" intervalHaltingDurationSum="10.00" startedHalts="0.00" meanVehicleNumber="1.00" maxVehicleNumber="1" />
    <tlsState time="70.00" id="A" programID="0" phase="2" state="rrrrrGGGggrrrrrGGGgg"/>
    <tlsState time="71.00" id="A" programID="0" phase="2" state="rrrrrGGGggrrrrrGGGgg"/>
    <tlsState time="72.00" id="A" programID="0" phase="2" state="rrrrrGGGggrrrrrGGGgg"/>
    <tlsState time="73.00" id="A" programID="0" phase="2" state="rrrrrGGGggrrrrrGGGgg"/>
    <tlsState time="74.00" id="A" programID="0" phase="2" state="rrrrrGGGggrrrrrGGGgg"/>
    <tlsState time="75.00" id="A" programID="0" phase="2" state="rrrrrGGGggrrrrrGGGgg"/>
    <tlsState time="76.00" id="A" programID="0" phase="2" state="rrrrrGGGggrrrrrGGGgg"/>
    <tlsState time="77.00" id="A" programID="0" phase="2" state="rrrrrGGGggrrrrrGGGgg"/>
    <tlsState time="78.00" id="A" programID="0" phase="2" state="rrrrrGGGggrrrrrGGGgg"/>
    <tlsState time="79.00" id="A" programID="0" phase="2" state="rrrrrGGGggrrrrrGGGgg"/>
   <interval begin="70.00" end="80.00" id="wA0" sampledSeconds="5.40" nVehEntered="1" nVehLeft="2" nVehSeen="2" meanSpeed="12.44" meanTimeLoss="0.04" meanOccupancy="7.03" maxOccupancy="16.67" meanMaxJamLengthInVehicles="0.00" meanMaxJamLengthInMeters="0.00" maxJamLengthInVehicles="0" maxJamLengthInMeters="0.00" jamLengthInVehiclesSum="0" jamLengthInMetersSum="0.00" meanHaltingDuration="0.00" maxHaltingDuration="0.00" haltingDurationSum="0.00" meanIntervalHaltingDuration="0.00" maxIntervalHaltingDuration="0.00" intervalHaltingDurationSum="0.00" startedHalts="0.00" meanVehicleNumber="0.70" maxVehicleNumber="1" />
   <interval begin="70.00" end="80.00" id="nA0" sampledSeconds="11.32" nVehEntered="1" nVehLeft="0" nVehSeen="2" meanSpeed="1.40" meanTimeLoss="5.10" meanOccupancy="7.80" maxOccupancy="21.34" meanMaxJamLengthInVehicles="1.00" meanMaxJamLengthInMeters="1.40" maxJamLengthInVehicles="1" maxJamLengthInMeters="1.40" jamLengthInVehiclesSum="10" jamLengthInMetersSum="14.01" meanHaltingDuration="28.00" maxHaltingDuration="28.00" haltingDurationSum="28.00" meanIntervalHaltingDuration="10.00" maxIntervalHaltingDuration="10.00" intervalHaltingDurationSum="10.00" startedHalts="0.00" meanVehicleNumber="1.20" maxVehicleNumber="2" />
   <interval begin="70.00" end="80.00" id="eA0" sampledSeconds="2.50" nVehEntered="1" nVehLeft="1" nVehSeen="1" meanSpeed="13.99" meanTimeLoss="0.33" meanOccupancy="3.33" maxOccupancy="16.67" meanMaxJamLengthInVehicles="0.00" meanMaxJamLengthInMeters="0.00" maxJamLengthInVehicles="0" maxJamLengthInMeters="0.00" jamLengthInVehiclesSum="0" jamLengthInMetersSum="0.00" meanHaltingDuration="0.00" maxHaltingDuration="0.00" haltingDurationSum="0.00" meanIntervalHaltingDuration="0.00" maxIntervalHaltingDuration="0.00" intervalHaltingDurationSum="0.00" startedHalts="0.00" meanVehicleNumber="0.30" maxVehicleNumber="1" />
   <interval begin="70.00" end="80.00" id="sA0" sampledSeconds="10.00" nVehEntered="0" nVehLeft="0" nVehSeen="1" meanSpeed="0.00" meanTimeLoss="10.00" meanOccupancy="4.67" maxOccupancy="4.67" meanMaxJamLengthInVehicles="1.00" meanMaxJamLengthInMeters="1.40" maxJamLengthInVehicles="1" maxJamLengthInMeters="1.40" jamLengthInVehiclesSum="10" jamLengthInMetersSum="14.01" meanHaltingDuration="32.00" maxHaltingDuration="32.00" haltingDurationSum="32.00" meanIntervalHaltingDuration="10.00" maxIntervalHaltingDuration="10.00" intervalHaltingDurationSum="10.00" startedHalts="0.00" meanVehicleNumber="1.00" maxVehicleNumber="1" />
    <tlsState time="80.00" id="A" programID="0" phase="2" state="rrrrrGGGggrrrrrGGGgg"/>
    <tlsState time="81.00" id="A" programID="0" phase="2" state="rrrrrGGGggrrrrrGGGgg"/>
    <tlsState time="82.00" id="A" programID="0" phase="2" state="rrrrrGGGggrrrrrGGGgg"/>
    <tlsState time="83.00" id="A" programID="0" phase="2" state="rrrrrGGGggrrrrrGGGgg"/>
    <tlsState time="84.00" id="A" programID="0" phase="2" state="rrrrrGGGggrrrrrGGGgg"/>
    <tlsState time="85.00" id="A" programID="0" phase="2" state="rrrrrGGGggrrrrrGGGgg"/>
    <tlsState time="86.00" id="A" programID="0" phase="2" state="rrrrrGGGggrrrrrGGGgg"/>
    <tlsState time="87.00" id="A" programID="0" phase="3" state="rrrrryyyyyrrrrryyyyy"/>
    <tlsState time="88.00" id="A" programID="0" phase="3" state="rrrrryyyyyrrrrryyyyy"/>
    <tlsState time="89.00" id="A" programID="0" phase="3" state="rrrrryyyyyrrrrryyyyy"/>
   <interval begin="80.00" end="90.00" id="wA0" sampledSeconds="5.56" nVehEntered="3" nVehLeft="2" nVehSeen="3" meanSpeed="13.48" meanTimeLoss="0.03" meanOccupancy="8.30" maxOccupancy="16.67" meanMaxJamLengthInVehicles="0.00" meanMaxJamLengthInMeters="0.00" maxJamLengthInVehicles="0" maxJamLengthInMeters="0.00" jamLengthInVehiclesSum="0" jamLengthInMetersSum="0.00" meanHaltingDuration="0.00" maxHaltingDuration="0.00" haltingDurationSum="0.00" meanIntervalHaltingDuration="0.00" maxIntervalHaltingDuration="0.00" intervalHaltingDurationSum="0.00" startedHalts="0.00" meanVehicleNumber="0.70" maxVehicleNumber="1" />
   <interval begin="80.00" end="90.00" id="nA0" sampledSeconds="20.00" nVehEntered="0" nVehLeft="0" nVehSeen="2" meanSpeed="0.51" meanTimeLoss="9.64" meanOccupancy="21.34" maxOccupancy="21.34" meanMaxJamLengthInVehicles="1.70" meanMaxJamLengthInMeters="9.17" maxJamLengthInVehicles="2" maxJamLengthInMeters="12.51" jamLengthInVehiclesSum="17" jamLengthInMetersSum="91.73" meanHaltingDuration="23.00" maxHaltingDuration="38.00" haltingDurationSum="46.00" meanIntervalHaltingDuration="9.00" maxIntervalHaltingDuration="10.00" intervalHaltingDurationSum="18.00" startedHalts="1.00" meanVehicleNumber="2.00" maxVehicleNumber="2" />
   <interval begin="80.00" end="90.00" id="eA0" sampledSeconds="0.00" nVehEntered="0" nVehLeft="0" nVehSeen="0" meanSpeed="-1.00" meanTimeLoss="-1.00" meanOccupancy="0.00" maxOccupancy="0.00" meanMaxJamLengthInVehicles="0.00" meanMaxJamLengthInMeters="0.00" maxJamLengthInVehicles="0" maxJamLengthInMeters="0.00" jamLengthInVehiclesSum="0" jamLengthInMetersSum="0.00" meanHaltingDuration="0.00" maxHaltingDuration="0.00" haltingDurationSum="0.00" meanIntervalHaltingDuration="0.00" maxIntervalHaltingDuration="0.00" intervalHaltingDurationSum="0.00" startedHalts="0.00" meanVehicleNumber="0.00" maxVehicleNumber="0" />
   <interval begin="80.00" end="90.00" id="sA0" sampledSeconds="10.00" nVehEntered="0" nVehLeft="0" nVehSeen="1" meanSpeed="0.00" meanTimeLoss="10.00" meanOccupancy="4.67" maxOccupancy="4.67" meanMaxJamLengthInVehicles="1.00" meanMaxJamLengthInMeters="1.40" maxJamLengthInVehicles="1" maxJamLengthInMeters="1.40" jamLengthInVehiclesSum="10" jamLengthInMetersSum="14.01" meanHaltingDuration="42.00" maxHaltingDuration="42.00" haltingDurationSum="42.00" meanIntervalHaltingDuration="10.00" maxIntervalHaltingDuration="10.00" intervalHaltingDurationSum="10.00" startedHalts="0.00" meanVehicleNumber="1.00" maxVehicleNumber="1" />
    <tlsState time="90.00" id="A" programID="0" phase="0" state="GGGggrrrrrGGGggrrrrr"/>
    <tlsState time="91.00" id="A" programID="0" phase="0" state="GGGggrrrrrGGGggrrrrr"/>
    <tlsState time="92.00" id="A" programID="0" phase="0" state="GGGggrrrrrGGGggrrrrr"/>
    <tlsState time="93.00" id="A" programID="0" phase="0" state="GGGggrrrrrGGGggrrrrr"/>
    <tlsState time="94.00" id="A" programID="0" phase="0" state="GGGggrrrrrGGGggrrrrr"/>
    <tlsState time="95.00" id="A" programID="0" phase="0" state="GGGggrrrrrGGGggrrrrr"/>
    <tlsState time="96.00" id="A" programID="0" phase="0" state="GGGggrrrrrGGGggrrrrr"/>
    <tlsState time="97.00" id="A" programID="0" phase="0" state="GGGggrrrrrGGGggrrrrr"/>
    <tlsState time="98.00" id="A" programID="0" phase="0" state="GGGggrrrrrGGGggrrrrr"/>
    <tlsState time="99.00" id="A" programID="0" phase="0" state="GGGggrrrrrGGGggrrrrr"/>
   <interval begin="90.00" end="100.00" id="wA0" sampledSeconds="11.79" nVehEntered="1" nVehLeft="1" nVehSeen="2" meanSpeed="4.05" meanTimeLoss="3.91" meanOccupancy="10.90" maxOccupancy="21.35" meanMaxJamLengthInVehicles="0.60" meanMaxJamLengthInMeters="0.84" maxJamLengthInVehicles="1" maxJamLengthInMeters="1.42" jamLengthInVehiclesSum="6" jamLengthInMetersSum="8.43" meanHaltingDuration="7.00" maxHaltingDuration="7.00" haltingDurationSum="7.00" meanIntervalHaltingDuration="7.00" maxIntervalHaltingDuration="7.00" intervalHaltingDurationSum="7.00" startedHalts="1.00" meanVehicleNumber="1.20" maxVehicleNumber="2" />
   <interval begin="90.00" end="100.00" id="nA0" sampledSeconds="7.56" nVehEntered="0" nVehLeft="2" nVehSeen="2" meanSpeed="1.36" meanTimeLoss="3.42" meanOccupancy="7.92" maxOccupancy="19.15" meanMaxJamLengthInVehicles="0.50" meanMaxJamLengthInMeters="3.20" maxJamLengthInVehicles="2" maxJamLengthInMeters="13.82" jamLengthInVehiclesSum="5" jamLengthInMetersSum="31.97" meanHaltingDuration="11.00" maxHaltingDuration="11.00" haltingDurationSum="11.00" meanIntervalHaltingDuration="3.00" maxIntervalHaltingDuration="3.00" intervalHaltingDurationSum="3.00" startedHalts="0.00" meanVehicleNumber="0.80" maxVehicleNumber="2" />
   <interval begin="90.00" end="100.00" id="eA0" sampledSeconds="0.00" nVehEntered="0" nVehLeft="0" nVehSeen="0" meanSpeed="-1.00" meanTimeLoss="-1.00" meanOccupancy="0.00" maxOccupancy="0.00" meanMaxJamLengthInVehicles="0.00" meanMaxJamLengthInMeters="0.00" maxJamLengthInVehicles="0" maxJamLengthInMeters="0.00" jamLengthInVehiclesSum="0" jamLengthInMetersSum="0.00" meanHaltingDuration="0.00" maxHaltingDuration="0.00" haltingDurationSum="0.00" meanIntervalHaltingDuration="0.00" maxIntervalHaltingDuration="0.00" intervalHaltingDurationSum="0.00" startedHalts="0.00" meanVehicleNumber="0.00" maxVehicleNumber="0" />
   <interval begin="90.00" end="100.00" id="sA0" sampledSeconds="1.47" nVehEntered="0" nVehLeft="1" nVehSeen="1" meanSpeed="0.95" meanTimeLoss="1.36" meanOccupancy="0.21" maxOccupancy="2.08" meanMaxJamLengthInVehicles="0.20" meanMaxJamLengthInMeters="0.06" maxJamLengthInVehicles="1" maxJamLengthInMeters="0.62" jamLengthInVehiclesSum="2" jamLengthInMetersSum="0.62" meanHaltingDuration="0.00" maxHaltingDuration="0.00" haltingDurationSum="0.00" meanIntervalHaltingDuration="0.00" maxIntervalHaltingDuration="0.00" intervalHaltingDurationSum="0.00" startedHalts="0.00" meanVehicleNumber="0.20" maxVehicleNumber="1" />
    <tlsState time="100.00" id="A" programID="0" phase="0" state="GGGggrrrrrGGGggrrrrr"/>
    <tlsState time="101.00" id="A" programID="0" phase="0" state="GGGggrrrrrGGGggrrrrr"/>
    <tlsState time="102.00" id="A" programID="0" phase="0" state="GGGggrrrrrGGGggrrrrr"/>
    <tlsState time="103.00" id="A" programID="0" phase="0" state="GGGggrrrrrGGGggrrrrr"/>
    <tlsState time="104.00" id="A" programID="0" phase="0" state="GGGggrrrrrGGGggrrrrr"/>
    <tlsState time="105.00" id="A" programID="0" phase="0" state="GGGggrrrrrGGGggrrrrr"/>
    <tlsState time="106.00" id="A" programID="0" phase="0" state="GGGggrrrrrGGGggrrrrr"/>
    <tlsState time="107.00" id="A" programID="0" phase="0" state="GGGggrrrrrGGGggrrrrr"/>
    <tlsState time="108.00" id="A" programID="0" phase="0" state="GGGggrrrrrGGGggrrrrr"/>
    <tlsState time="109.00" id="A" programID="0" phase="0" state="GGGggrrrrrGGGggrrrrr"/>
   <interval begin="100.00" end="110.00" id="wA0" sampledSeconds="19.52" nVehEntered="1" nVehLeft="0" nVehSeen="2" meanSpeed="1.34" meanTimeLoss="8.68" meanOccupancy="21.34" maxOccupancy="21.34" meanMaxJamLengthInVehicles="1.50" meanMaxJamLengthInMeters="6.95" maxJamLengthInVehicles="2" maxJamLengthInMeters="12.51" jamLengthInVehiclesSum="15" jamLengthInMetersSum="69.52" meanHaltingDuration="11.50" maxHaltingDuration="17.00" haltingDurationSum="23.00" meanIntervalHaltingDuration="8.00" maxIntervalHaltingDuration="10.00" intervalHaltingDurationSum="16.00" startedHalts="1.00" meanVehicleNumber="2.00" maxVehicleNumber="2" />
   <interval begin="100.00" end="110.00" id="nA0" sampledSeconds="0.00" nVehEntered="0" nVehLeft="0" nVehSeen="0" meanSpeed="-1.00" meanTimeLoss="-1.00" meanOccupancy="0.00" maxOccupancy="0.00" meanMaxJamLengthInVehicles="0.00" meanMaxJamLengthInMeters="0.00" maxJamLengthInVehicles="0" maxJamLengthInMeters="0.00" jamLengthInVehiclesSum="0" jamLengthInMetersSum="0.00" meanHaltingDuration="0.00" maxHaltingDuration="0.00" haltingDurationSum="0.00" meanIntervalHaltingDuration="0.00" maxIntervalHaltingDuration="0.00" intervalHaltingDurationSum="0.00" startedHalts="0.00" meanVehicleNumber="0.00" maxVehicleNumber="0" />
   <interval begin="100.00" end="110.00" id="eA0" sampledSeconds="5.85" nVehEntered="2" nVehLeft="1" nVehSeen="2" meanSpeed="8.01" meanTimeLoss="1.18" meanOccupancy="7.61" maxOccupancy="21.38" meanMaxJamLengthInVehicles="0.00" meanMaxJamLengthInMeters="0.00" maxJamLengthInVehicles="0" maxJamLengthInMeters="0.00" jamLengthInVehiclesSum="0" jamLengthInMetersSum="0.00" meanHaltingDuration="1.00" maxHaltingDuration="1.00" haltingDurationSum="1.00" meanIntervalHaltingDuration="1.00" maxIntervalHaltingDuration="1.00" intervalHaltingDurationSum="1.00" startedHalts="1.00" meanVehicleNumber="0.70" maxVehicleNumber="2" />
   <interval begin="100.00" end="110.00" id="sA0" sampledSeconds="2.87" nVehEntered="2" nVehLeft="1" nVehSeen="2" meanSpeed="13.15" meanTimeLoss="0.02" meanOccupancy="4.26" maxOccupancy="16.67" meanMaxJamLengthInVehicles="0.00" meanMaxJamLengthInMeters="0.00" maxJamLengthInVehicles="0" maxJamLengthInMeters="0.00" jamLengthInVehiclesSum="0" jamLengthInMetersSum="0.00" meanHaltingDuration="0.00" maxHaltingDuration="0.00" haltingDurationSum="0.00" meanIntervalHaltingDuration="0.00" maxIntervalHaltingDuration="0.00" intervalHaltingDurationSum="0.00" startedHalts="0.00" meanVehicleNumber="0.40" maxVehicleNumber="1" />
    <tlsState time="110.00" id="A" programID="0" phase="0" state="GGGggrrrrrGGGggrrrrr"/>
    <tlsState time="111.00" id="A" programID="0" phase="0" state="GGGggrrrrrGGGggrrrrr"/>
    <tlsState time="112.00" id="A" programID="0" phase="0" state="GGGggrrrrrGGGggrrrrr"/>
    <tlsState time="113.00" id="A" programID="0" phase="0" state="GGGggrrrrrGGGggrrrrr"/>
    <tlsState time="114.00" id="A" programID="0" phase="0" state="GGGggrrrrrGGGggrrrrr"/>
    <tlsState time="115.00" id="A" programID="0" phase="0" state="GGGggrrrrrGGGggrrrrr"/>
    <tlsState time="116.00" id="A" programID="0" phase="0" state="GGGggrrrrrGGGggrrrrr"/>
    <tlsState time="117.00" id="A" programID="0" phase="0" state="GGGggrrrrrGGGggrrrrr"/>
    <tlsState time="118.00" id="A" programID="0" phase="0" state="GGGggrrrrrGGGggrrrrr"/>
    <tlsState time="119.00" id="A" programID="0" phase="0" state="GGGggrrrrrGGGggrrrrr"/>
   <interval begin="110.00" end="120.00" id="wA0" sampledSeconds="21.31" nVehEntered="1" nVehLeft="0" nVehSeen="3" meanSpeed="0.61" meanTimeLoss="6.84" meanOccupancy="24.31" maxOccupancy="38.00" meanMaxJamLengthInVehicles="2.00" meanMaxJamLengthInMeters="12.50" maxJamLengthInVehicles="2" maxJamLengthInMeters="12.50" jamLengthInVehiclesSum="20" jamLengthInMetersSum="125.01" meanHaltingDuration="21.50" maxHaltingDuration="27.00" haltingDurationSum="43.00" meanIntervalHaltingDuration="10.00" maxIntervalHaltingDuration="10.00" intervalHaltingDurationSum="20.00" startedHalts="0.00" meanVehicleNumber="2.20" maxVehicleNumber="3" />
   <interval begin="110.00" end="120.00" id="nA0" sampledSeconds="0.00" nVehEntered="0" nVehLeft="0" nVehSeen="0" meanSpeed="-1.00" meanTimeLoss="-1.00" meanOccupancy="0.00" maxOccupancy="0.00" meanMaxJamLengthInVehicles="0.00" meanMaxJamLengthInMeters="0.00" maxJamLengthInVehicles="0" maxJamLengthInMeters="0.00" jamLengthInVehiclesSum="0" jamLengthInMetersSum="0.00" meanHaltingDuration="0.00" maxHaltingDuration="0.00" haltingDurationSum="0.00" meanIntervalHaltingDuration="0.00" maxIntervalHaltingDuration="0.00" intervalHaltingDurationSum="0.00" startedHalts="0.00" meanVehicleNumber="0.00" maxVehicleNumber="0" />
   <interval begin="110.00" end="120.00" id="eA0" sampledSeconds="16.81" nVehEntered="2" nVehLeft="0" nVehSeen="3" meanSpeed="2.45" meanTimeLoss="4.62" meanOccupancy="17.17" maxOccupancy="38.00" meanMaxJamLengthInVehicles="1.10" meanMaxJamLengthInMeters="2.51" maxJamLengthInVehicles="2" maxJamLengthInMeters="12.51" jamLengthInVehiclesSum="11" jamLengthInMetersSum="25.12" meanHaltingDuration="6.50" maxHaltingDuration="11.00" haltingDurationSum="13.00" meanIntervalHaltingDuration="6.00" maxIntervalHaltingDuration="10.00" intervalHaltingDurationSum="12.00" startedHalts="1.00" meanVehicleNumber="1.80" maxVehicleNumber="3" />
   <interval begin="110.00" end="120.00" id="sA0" sampledSeconds="5.02" nVehEntered="2" nVehLeft="2" nVehSeen="3" meanSpeed="14.03" meanTimeLoss="0.09" meanOccupancy="7.22" maxOccupancy="16.67" meanMaxJamLengthInVehicles="0.00" meanMaxJamLengthInMeters="0.00" maxJamLengthInVehicles="0" maxJamLengthInMeters="0.00" jamLengthInVehiclesSum="0" jamLengthInMetersSum="0.00" meanHaltingDuration="0.00" maxHaltingDuration="0.00" haltingDurationSum="0.00" meanIntervalHaltingDuration="0.00" maxIntervalHaltingDuration="0.00" intervalHaltingDurationSum="0.00" startedHalts="0.00" meanVehicleNumber="0.70" maxVehicleNumber="1" />
    <tlsState time="120.00" id="A" programID="0" phase="0" state="GGGggrrrrrGGGggrrrrr"/>
    <tlsState time="121.00" id="A" programID="0" phase="0" state="GGGggrrrrrGGGggrrrrr"/>
    <tlsState time="122.00" id="A" programID="0" phase="0" state="GGGggrrrrrGGGggrrrrr"/>
    <tlsState time="123.00" id="A" programID="0" phase="0" state="GGGggrrrrrGGGggrrrrr"/>
    <tlsState time="124.00" id="A" programID="0" phase="0" state="GGGggrrrrrGGGggrrrrr"/>
    <tlsState time="125.00" id="A" programID="0" phase="0" state="GGGggrrrrrGGGggrrrrr"/>
    <tlsState time="126.00" id="A" programID="0" phase="0" state="GGGggrrrrrGGGggrrrrr"/>
    <tlsState time="127.00" id="A" programID="0" phase="0" state="GGGggrrrrrGGGggrrrrr"/>
    <tlsState time="128.00" id="A" programID="0" phase="0" state="GGGggrrrrrGGGggrrrrr"/>
    <tlsState time="129.00" id="A" programID="0" phase="0" state="GGGggrrrrrGGGggrrrrr"/>
   <interval begin="120.00" end="130.00" id="wA0" sampledSeconds="30.00" nVehEntered="0" nVehLeft="0" nVehSeen="3" meanSpeed="0.19" meanTimeLoss="9.89" meanOccupancy="38.00" maxOccupancy="38.00" meanMaxJamLengthInVehicles="2.80" meanMaxJamLengthInMeters="18.50" maxJamLengthInVehicles="3" maxJamLengthInMeters="20.01" jamLengthInVehiclesSum="28" jamLengthInMetersSum="185.03" meanHaltingDuration="24.00" maxHaltingDuration="37.00" haltingDurationSum="72.00" meanIntervalHaltingDuration="9.67" maxIntervalHaltingDuration="10.00" intervalHaltingDurationSum="29.00" startedHalts="1.00" meanVehicleNumber="3.00" maxVehicleNumber="3" />
   <interval begin="120.00" end="130.00" id="nA0" sampledSeconds="0.00" nVehEntered="0" nVehLeft="0" nVehSeen="0" meanSpeed="-1.00" meanTimeLoss="-1.00" meanOccupancy="0.00" maxOccupancy="0.00" meanMaxJamLengthInVehicles="0.00" meanMaxJamLengthInMeters="0.00" maxJamLengthInVehicles="0" maxJamLengthInMeters="0.00" jamLengthInVehiclesSum="0" jamLengthInMetersSum="0.00" meanHaltingDuration="0.00" maxHaltingDuration="0.00" haltingDurationSum="0.00" meanIntervalHaltingDuration="0.00" maxIntervalHaltingDuration="0.00" intervalHaltingDurationSum="0.00" startedHalts="0.00" meanVehicleNumber="0.00" maxVehicleNumber="0" />
   <interval begin="120.00" end="130.00" id="eA0" sampledSeconds="26.04" nVehEntered="2" nVehLeft="1" nVehSeen="5" meanSpeed="0.95" meanTimeLoss="4.86" meanOccupancy="32.24" maxOccupancy="47.04" meanMaxJamLengthInVehicles="2.10" meanMaxJamLengthInMeters="13.25" maxJamLengthInVehicles="3" maxJamLengthInMeters="20.01" jamLengthInVehiclesSum="21" jamLengthInMetersSum="132.52" meanHaltingDuration="11.67" maxHaltingDuration="21.00" haltingDurationSum="35.00" meanIntervalHaltingDuration="7.33" maxIntervalHaltingDuration="10.00" intervalHaltingDurationSum="22.00" startedHalts="1.00" meanVehicleNumber="2.70" maxVehicleNumber="4" />
   <interval begin="120.00" end="130.00" id="sA0" sampledSeconds="2.40" nVehEntered="0" nVehLeft="1" nVehSeen="1" meanSpeed="13.19" meanTimeLoss="0.06" meanOccupancy="3.33" maxOccupancy="16.67" meanMaxJamLengthInVehicles="0.00" meanMaxJamLengthInMeters="0.00" maxJamLengthInVehicles="0" maxJamLengthInMeters="0.00" jamLengthInVehiclesSum="0" jamLengthInMetersSum="0.00" meanHaltingDuration="0.00" maxHaltingDuration="0.00" haltingDurationSum="0.00" meanIntervalHaltingDuration="0.00" maxIntervalHaltingDuration="0.00" intervalHaltingDurationSum="0.00" startedHalts="0.00" meanVehicleNumber="0.30" maxVehicleNumber="1" />
    <tlsState time="130.00" id="A" programID="0" phase="0" state="GGGggrrrrrGGGggrrrrr"/>
    <tlsState time="131.00" id="A" programID="0" phase="0" state="GGGggrrrrrGGGggrrrrr"/>
    <tlsState time="132.00" id="A" programID="0" phase="1" state="yyyyyrrrrryyyyyrrrrr"/>
    <tlsState time="133.00" id="A" programID="0" phase="1" state="yyyyyrrrrryyyyyrrrrr"/>
    <tlsState time="134.00" id="A" programID="0" phase="1" state="yyyyyrrrrryyyyyrrrrr"/>
    <tlsState time="135.00" id="A" programID="0" phase="2" state="rrrrrGGGggrrrrrGGGgg"/>
    <tlsState time="136.00" id="A" programID="0" phase="2" state="rrrrrGGGggrrrrrGGGgg"/>
    <tlsState time="137.00" id="A" programID="0" phase="2" state="rrrrrGGGggrrrrrGGGgg"/>
    <tlsState time="138.00" id="A" programID="0" phase="2" state="rrrrrGGGggrrrrrGGGgg"/>
    <tlsState time="139.00" id="A" programID="0" phase="2" state="rrrrrGGGggrrrrrGGGgg"/>
   <interval begin="130.00" end="140.00" id="wA0" sampledSeconds="26.73" nVehEntered="0" nVehLeft="1" nVehSeen="3" meanSpeed="0.34" meanTimeLoss="8.68" meanOccupancy="35.57" maxOccupancy="38.00" meanMaxJamLengthInVehicles="2.40" meanMaxJamLengthInMeters="16.08" maxJamLengthInVehicles="3" maxJamLengthInMeters="21.71" jamLengthInVehiclesSum="24" jamLengthInMetersSum="160.80" meanHaltingDuration="26.00" maxHaltingDuration="34.00" haltingDurationSum="52.00" meanIntervalHaltingDuration="8.50" maxIntervalHaltingDuration="9.00" intervalHaltingDurationSum="17.00" startedHalts="0.00" meanVehicleNumber="2.70" maxVehicleNumber="3" />
   <interval begin="130.00" end="140.00" id="nA0" sampledSeconds="0.00" nVehEntered="0" nVehLeft="0" nVehSeen="0" meanSpeed="-1.00" meanTimeLoss="-1.00" meanOccupancy="0.00" maxOccupancy="0.00" meanMaxJamLengthInVehicles="0.00" meanMaxJamLengthInMeters="0.00" maxJamLengthInVehicles="0" maxJamLengthInMeters="0.00" jamLengthInVehiclesSum="0" jamLengthInMetersSum="0.00" meanHaltingDuration="0.00" maxHaltingDuration="0.00" haltingDurationSum="0.00" meanIntervalHaltingDuration="0.00" maxIntervalHaltingDuration="0.00" intervalHaltingDurationSum="0.00" startedHalts="0.00" meanVehicleNumber="0.00" maxVehicleNumber="0" />
   <interval begin="130.00" end="140.00" id="eA0" sampledSeconds="33.20" nVehEntered="1" nVehLeft="2" nVehSeen="5" meanSpeed="0.80" meanTimeLoss="6.27" meanOccupancy="47.38" maxOccupancy="54.67" meanMaxJamLengthInVehicles="2.90" meanMaxJamLengthInMeters="20.04" maxJamLengthInVehicles="3" maxJamLengthInMeters="22.38" jamLengthInVehiclesSum="29" jamLengthInMetersSum="200.36" meanHaltingDuration="12.33" maxHaltingDuration="21.00" haltingDurationSum="37.00" meanIntervalHaltingDuration="7.67" maxIntervalHaltingDuration="10.00" intervalHaltingDurationSum="23.00" startedHalts="1.00" meanVehicleNumber="3.40" maxVehicleNumber="4" />
   <interval begin="130.00" end="140.00" id="sA0" sampledSeconds="0.00" nVehEntered="0" nVehLeft="0" nVehSeen="0" meanSpeed="-1.00" meanTimeLoss="-1.00" meanOccupancy="0.00" maxOccupancy="0.00" meanMaxJamLengthInVehicles="0.00" meanMaxJamLengthInMeters="0.00" maxJamLengthInVehicles="0" maxJamLengthInMeters="0.00" jamLengthInVehiclesSum="0" jamLengthInMetersSum="0.00" meanHaltingDuration="0.00" maxHaltingDuration="0.00" haltingDurationSum="0.00" meanIntervalHaltingDuration="0.00" maxIntervalHaltingDuration="0.00" intervalHaltingDurationSum="0.00" startedHalts="0.00" meanVehicleNumber="0.00" maxVehicleNumber="0" />
    <tlsState time="140.00" id="A" programID="0" phase="2" state="rrrrrGGGggrrrrrGGGgg"/>
    <tlsState time="141.00" id="A" programID="0" phase="2" state="rrrrrGGGggrrrrrGGGgg"/>
    <tlsState time="142.00" id="A" programID="0" phase="2" state="rrrrrGGGggrrrrrGGGgg"/>
    <tlsState time="143.00" id="A" programID="0" phase="2" state="rrrrrGGGggrrrrrGGGgg"/>
    <tlsState time="144.00" id="A" programID="0" phase="2" state="rrrrrGGGggrrrrrGGGgg"/>
    <tlsState time="145.00" id="A" programID="0" phase="2" state="rrrrrGGGggrrrrrGGGgg"/>
    <tlsState time="146.00" id="A" programID="0" phase="2" state="rrrrrGGGggrrrrrGGGgg"/>
    <tlsState time="147.00" id="A" programID="0" phase="2" state="rrrrrGGGggrrrrrGGGgg"/>
    <tlsState time="148.00" id="A" programID="0" phase="2" state="rrrrrGGGggrrrrrGGGgg"/>
    <tlsState time="149.00" id="A" programID="0" phase="2" state="rrrrrGGGggrrrrrGGGgg"/>
   <interval begin="140.00" end="150.00" id="wA0" sampledSeconds="6.00" nVehEntered="0" nVehLeft="2" nVehSeen="2" meanSpeed="2.92" meanTimeLoss="2.42" meanOccupancy="6.25" maxOccupancy="20.57" meanMaxJamLengthInVehicles="0.00" meanMaxJamLengthInMeters="0.00" maxJamLengthInVehicles="0" maxJamLengthInMeters="0.00" jamLengthInVehiclesSum="0" jamLengthInMetersSum="0.00" meanHaltingDuration="0.00" maxHaltingDuration="0.00" haltingDurationSum="0.00" meanIntervalHaltingDuration="0.00" maxIntervalHaltingDuration="0.00" intervalHaltingDurationSum="0.00" startedHalts="0.00" meanVehicleNumber="0.70" maxVehicleNumber="2" />
   <interval begin="140.00" end="150.00" id="nA0" sampledSeconds="0.00" nVehEntered="0" nVehLeft="0" nVehSeen="0" meanSpeed="-1.00" meanTimeLoss="-1.00" meanOccupancy="0.00" maxOccupancy="0.00" meanMaxJamLengthInVehicles="0.00" meanMaxJamLengthInMeters="0.00" maxJamLengthInVehicles="0" maxJamLengthInMeters="0.00" jamLengthInVehiclesSum="0" jamLengthInMetersSum="0.00" meanHaltingDuration="0.00" maxHaltingDuration="0.00" haltingDurationSum="0.00" meanIntervalHaltingDuration="0.00" maxIntervalHaltingDuration="0.00" intervalHaltingDurationSum="0.00" startedHalts="0.00" meanVehicleNumber="0.00" maxVehicleNumber="0" />
   <interval begin="140.00" end="150.00" id="eA0" sampledSeconds="13.28" nVehEntered="0" nVehLeft="3" nVehSeen="3" meanSpeed="3.12" meanTimeLoss="3.47" meanOccupancy="16.87" maxOccupancy="38.61" meanMaxJamLengthInVehicles="0.10" meanMaxJamLengthInMeters="0.50" maxJamLengthInVehicles="1" maxJamLengthInMeters="5.00" jamLengthInVehiclesSum="1" jamLengthInMetersSum="5.00" meanHaltingDuration="8.50" maxHaltingDuration="12.00" haltingDurationSum="17.00" meanIntervalHaltingDuration="0.50" maxIntervalHaltingDuration="1.00" intervalHaltingDurationSum="1.00" startedHalts="0.00" meanVehicleNumber="1.50" maxVehicleNumber="3" />
   <interval begin="140.00" end="150.00" id="sA0" sampledSeconds="0.00" nVehEntered="0" nVehLeft="0" nVehSeen="0" meanSpeed="-1.00" meanTimeLoss="-1.00" meanOccupancy="0.00" maxOccupancy="0.00" meanMaxJamLengthInVehicles="0.00" meanMaxJamLengthInMeters="0.00" maxJamLengthInVehicles="0" maxJamLengthInMeters="0.00" jamLengthInVehiclesSum="0" jamLengthInMetersSum="0.00" meanHaltingDuration="0.00" maxHaltingDuration="0.00" haltingDurationSum="0.00" meanIntervalHaltingDuration="0.00" maxIntervalHaltingDuration="0.00" intervalHaltingDurationSum="0.00" startedHalts="0.00" meanVehicleNumber="0.00" maxVehicleNumber="0" />
    <tlsState time="150.00" id="A" programID="0" phase="2" state="rrrrrGGGggrrrrrGGGgg"/>
    <tlsState time="151.00" id="A" programID="0" phase="2" state="rrrrrGGGggrrrrrGGGgg"/>
    <tlsState time="152.00" id="A" programID="0" phase="2" state="rrrrrGGGggrrrrrGGGgg"/>
    <tlsState time="153.00" id="A" programID="0" phase="2" state="rrrrrGGGggrrrrrGGGgg"/>
    <tlsState time="154.00" id="A" programID="0" phase="2" state="rrrrrGGGggrrrrrGGGgg"/>
    <tlsState time="155.00" id="A" programID="0" phase="2" state="rrrrrGGGggrrrrrGGGgg"/>
    <tlsState time="156.00" id="A" programID="0" phase="2" state="rrrrrGGGggrrrrrGGGgg"/>
    <tlsState time="157.00" id="A" programID="0" phase="2" state="rrrrrGGGggrrrrrGGGgg"/>
    <tlsState time="158.00" id="A" programID="0" phase="2" state="rrrrrGGGggrrrrrGGGgg"/>
    <tlsState time="159.00" id="A" programID="0" phase="2" state="rrrrrGGGggrrrrrGGGgg"/>
   <interval begin="150.00" end="160.00" id="wA0" sampledSeconds="0.00" nVehEntered="0" nVehLeft="0" nVehSeen="0" meanSpeed="-1.00" meanTimeLoss="-1.00" meanOccupancy="0.00" maxOccupancy="0.00" meanMaxJamLengthInVehicles="0.00" meanMaxJamLengthInMeters="0.00" maxJamLengthInVehicles="0" maxJamLengthInMeters="0.00" jamLengthInVehiclesSum="0" jamLengthInMetersSum="0.00" meanHaltingDuration="0.00" maxHaltingDuration="0.00" haltingDurationSum="0.00" meanIntervalHaltingDuration="0.00" maxIntervalHaltingDuration="0.00" intervalHaltingDurationSum="0.00" startedHalts="0.00" meanVehicleNumber="0.00" maxVehicleNumber="0" />
   <interval begin="150.00" end="160.00" id="nA0" sampledSeconds="0.00" nVehEntered="0" nVehLeft="0" nVehSeen="0" meanSpeed="-1.00" meanTimeLoss="-1.00" meanOccupancy="0.00" maxOccupancy="0.00" meanMaxJamLengthInVehicles="0.00" meanMaxJamLengthInMeters="0.00" maxJamLengthInVehicles="0" maxJamLengthInMeters="0.00" jamLengthInVehiclesSum="0" jamLengthInMetersSum="0.00" meanHaltingDuration="0.00" maxHaltingDuration="0.00" haltingDurationSum="0.00" meanIntervalHaltingDuration="0.00" maxIntervalHaltingDuration="0.00" intervalHaltingDurationSum="0.00" startedHalts="0.00" meanVehicleNumber="0.00" maxVehicleNumber="0" />
   <interval begin="150.00" end="160.00" id="eA0" sampledSeconds="0.00" nVehEntered="0" nVehLeft="0" nVehSeen="0" meanSpeed="-1.00" meanTimeLoss="-1.00" meanOccupancy="0.00" maxOccupancy="0.00" meanMaxJamLengthInVehicles="0.00" meanMaxJamLengthInMeters="0.00" maxJamLengthInVehicles="0" maxJamLengthInMeters="0.00" jamLengthInVehiclesSum="0" jamLengthInMetersSum="0.00" meanHaltingDuration="0.00" maxHaltingDuration="0.00" haltingDurationSum="0.00" meanIntervalHaltingDuration="0.00" maxIntervalHaltingDuration="0.00" intervalHaltingDurationSum="0.00" startedHalts="0.00" meanVehicleNumber="0.00" maxVehicleNumber="0" />
   <interval begin="150.00" end="160.00" id="sA0" sampledSeconds="0.00" nVehEntered="0" nVehLeft="0" nVehSeen="0" meanSpeed="-1.00" meanTimeLoss="-1.00" meanOccupancy="0.00" maxOccupancy="0.00" meanMaxJamLengthInVehicles="0.00" meanMaxJamLengthInMeters="0.00" maxJamLengthInVehicles="0" maxJamLengthInMeters="0.00" jamLengthInVehiclesSum="0" jamLengthInMetersSum="0.00" meanHaltingDuration="0.00" maxHaltingDuration="0.00" haltingDurationSum="0.00" meanIntervalHaltingDuration="0.00" maxIntervalHaltingDuration="0.00" intervalHaltingDurationSum="0.00" startedHalts="0.00" meanVehicleNumber="0.00" maxVehicleNumber="0" />
    <tlsState time="160.00" id="A" programID="0" phase="2" state="rrrrrGGGggrrrrrGGGgg"/>
    <tlsState time="161.00" id="A" programID="0" phase="2" state="rrrrrGGGggrrrrrGGGgg"/>
    <tlsState time="162.00" id="A" programID="0" phase="2" state="rrrrrGGGggrrrrrGGGgg"/>
    <tlsState time="163.00" id="A" programID="0" phase="2" state="rrrrrGGGggrrrrrGGGgg"/>
    <tlsState time="164.00" id="A" programID="0" phase="2" state="rrrrrGGGggrrrrrGGGgg"/>
    <tlsState time="165.00" id="A" programID="0" phase="2" state="rrrrrGGGggrrrrrGGGgg"/>
    <tlsState time="166.00" id="A" programID="0" phase="2" state="rrrrrGGGggrrrrrGGGgg"/>
    <tlsState time="167.00" id="A" programID="0" phase="2" state="rrrrrGGGggrrrrrGGGgg"/>
    <tlsState time="168.00" id="A" programID="0" phase="2" state="rrrrrGGGggrrrrrGGGgg"/>
    <tlsState time="169.00" id="A" programID="0" phase="2" state="rrrrrGGGggrrrrrGGGgg"/>
   <interval begin="160.00" end="170.00" id="wA0" sampledSeconds="0.00" nVehEntered="0" nVehLeft="0" nVehSeen="0" meanSpeed="-1.00" meanTimeLoss="-1.00" meanOccupancy="0.00" maxOccupancy="0.00" meanMaxJamLengthInVehicles="0.00" meanMaxJamLengthInMeters="0.00" maxJamLengthInVehicles="0" maxJamLengthInMeters="0.00" jamLengthInVehiclesSum="0" jamLengthInMetersSum="0.00" meanHaltingDuration="0.00" maxHaltingDuration="0.00" haltingDurationSum="0.00" meanIntervalHaltingDuration="0.00" maxIntervalHaltingDuration="0.00" intervalHaltingDurationSum="0.00" startedHalts="0.00" meanVehicleNumber="0.00" maxVehicleNumber="0" />
   <interval begin="160.00" end="170.00" id="nA0" sampledSeconds="0.00" nVehEntered="0" nVehLeft="0" nVehSeen="0" meanSpeed="-1.00" meanTimeLoss="-1.00" meanOccupancy="0.00" maxOccupancy="0.00" meanMaxJamLengthInVehicles="0.00" meanMaxJamLengthInMeters="0.00" maxJamLengthInVehicles="0" maxJamLengthInMeters="0.00" jamLengthInVehiclesSum="0" jamLengthInMetersSum="0.00" meanHaltingDuration="0.00" maxHaltingDuration="0.00" haltingDurationSum="0.00" meanIntervalHaltingDuration="0.00" maxIntervalHaltingDuration="0.00" intervalHaltingDurationSum="0.00" startedHalts="0.00" meanVehicleNumber="0.00" maxVehicleNumber="0" />
   <interval begin="160.00" end="170.00" id="eA0" sampledSeconds="0.00" nVehEntered="0" nVehLeft="0" nVehSeen="0" meanSpeed="-1.00" meanTimeLoss="-1.00" meanOccupancy="0.00" maxOccupancy="0.00" meanMaxJamLengthInVehicles="0.00" meanMaxJamLengthInMeters="0.00" maxJamLengthInVehicles="0" maxJamLengthInMeters="0.00" jamLengthInVehiclesSum="0" jamLengthInMetersSum="0.00" meanHaltingDuration="0.00" maxHaltingDuration="0.00" haltingDurationSum="0.00" meanIntervalHaltingDuration="0.00" maxIntervalHaltingDuration="0.00" intervalHaltingDurationSum="0.00" startedHalts="0.00" meanVehicleNumber="0.00" maxVehicleNumber="0" />
   <interval begin="160.00" end="170.00" id="sA0" sampledSeconds="0.00" nVehEntered="0" nVehLeft="0" nVehSeen="0" meanSpeed="-1.00" meanTimeLoss="-1.00" meanOccupancy="0.00" maxOccupancy="0.00" meanMaxJamLengthInVehicles="0.00" meanMaxJamLengthInMeters="0.00" maxJamLengthInVehicles="0" maxJamLengthInMeters="0.00" jamLengthInVehiclesSum="0" jamLengthInMetersSum="0.00" meanHaltingDuration="0.00" maxHaltingDuration="0.00" haltingDurationSum="0.00" meanIntervalHaltingDuration="0.00" maxIntervalHaltingDuration="0.00" intervalHaltingDurationSum="0.00" startedHalts="0.00" meanVehicleNumber="0.00" maxVehicleNumber="0" />
    <tlsState time="170.00" id="A" programID="0" phase="2" state="rrrrrGGGggrrrrrGGGgg"/>
   <interval begin="170.00" end="171.00" id="wA0" sampledSeconds="0.00" nVehEntered="0" nVehLeft="0" nVehSeen="0" meanSpeed="-1.00" meanTimeLoss="-1.00" meanOccupancy="0.00" maxOccupancy="0.00" meanMaxJamLengthInVehicles="0.00" meanMaxJamLengthInMeters="0.00" maxJamLengthInVehicles="0" maxJamLengthInMeters="0.00" jamLengthInVehiclesSum="0" jamLengthInMetersSum="0.00" meanHaltingDuration="0.00" maxHaltingDuration="0.00" haltingDurationSum="0.00" meanIntervalHaltingDuration="0.00" maxIntervalHaltingDuration="0.00" intervalHaltingDurationSum="0.00" startedHalts="0.00" meanVehicleNumber="0.00" maxVehicleNumber="0" />
   <interval begin="170.00" end="171.00" id="nA0" sampledSeconds="0.00" nVehEntered="0" nVehLeft="0" nVehSeen="0" meanSpeed="-1.00" meanTimeLoss="-1.00" meanOccupancy="0.00" maxOccupancy="0.00" meanMaxJamLengthInVehicles="0.00" meanMaxJamLengthInMeters="0.00" maxJamLengthInVehicles="0" maxJamLengthInMeters="0.00" jamLengthInVehiclesSum="0" jamLengthInMetersSum="0.00" meanHaltingDuration="0.00" maxHaltingDuration="0.00" haltingDurationSum="0.00" meanIntervalHaltingDuration="0.00" maxIntervalHaltingDuration="0.00" intervalHaltingDurationSum="0.00" startedHalts="0.00" meanVehicleNumber="0.00" maxVehicleNumber="0" />
   <interval begin="170.00" end="171.00" id="eA0" sampledSeconds="0.00" nVehEntered="0" nVehLeft="0" nVehSeen="0" meanSpeed="-1.00" meanTimeLoss="-1.00" meanOccupancy="0.00" maxOccupancy="0.00" meanMaxJamLengthInVehicles="0.00" meanMaxJamLengthInMeters="0.00" maxJamLengthInVehicles="0" maxJamLengthInMeters="0.00" jamLengthInVehiclesSum="0" jamLengthInMetersSum="0.00" meanHaltingDuration="0.00" maxHaltingDuration="0.00" haltingDurationSum="0.00" meanIntervalHaltingDuration="0.00" maxIntervalHaltingDuration="0.00" intervalHaltingDurationSum="0.00" startedHalts="0.00" meanVehicleNumber="0.00" maxVehicleNumber="0" />
   <interval begin="170.00" end="171.00" id="sA0" sampledSeconds="0.00" nVehEntered="0" nVehLeft="0" nVehSeen="0" meanSpeed="-1.00" meanTimeLoss="-1.00" meanOccupancy="0.00" maxOccupancy="0.00" meanMaxJamLengthInVehicles="0.00" meanMaxJamLengthInMeters="0.00" maxJamLengthInVehicles="0" maxJamLengthInMeters="0.00" jamLengthInVehiclesSum="0" jamLengthInMetersSum="0.00" meanHaltingDuration="0.00" maxHaltingDuration="0.00" haltingDurationSum="0.00" meanIntervalHaltingDuration="0.00" maxIntervalHaltingDuration="0.00" intervalHaltingDurationSum="0.00" startedHalts="0.00" meanVehicleNumber="0.00" maxVehicleNumber="0" />
</detector>
