<?xml version="1.0" encoding="UTF-8"?>

<!-- generated on Thu Oct  4 10:59:39 2018 by Eclipse SUMO GUI Version 1.0.0
<configuration xmlns:xsi="http://www.w3.org/2001/XMLSchema-instance" xsi:noNamespaceSchemaLocation="http://sumo.dlr.de/xsd/sumoConfiguration.xsd">

    <input>
        <net-file value="data/cross.net.xml"/>
        <route-files value="data/cross.rou.xml"/>
        <additional-files value="data/cross.det.xml"/>
    </input>

    <output>
        <tripinfo-output value="tripinfo.xml"/>
    </output>

    <time>
        <begin value="0"/>
    </time>

    <report>
        <verbose value="true"/>
        <no-step-log value="true"/>
    </report>

    <traci_server>
        <remote-port value="53304"/>
    </traci_server>

    <gui_only>
        <gui-settings-file value="data/cross.settings.xml"/>
    </gui_only>

</configuration>
-->

<detector xmlns:xsi="http://www.w3.org/2001/XMLSchema-instance" xsi:noNamespaceSchemaLocation="http://sumo.dlr.de/xsd/det_e2_file.xsd">
    <tlsState time="0.00" id="A" programID="0" phase="0" state="GGGggrrrrrGGGggrrrrr"/>
    <tlsState time="1.00" id="A" programID="0" phase="0" state="GGGggrrrrrGGGggrrrrr"/>
    <tlsState time="2.00" id="A" programID="0" phase="0" state="GGGggrrrrrGGGggrrrrr"/>
    <tlsState time="3.00" id="A" programID="0" phase="0" state="GGGggrrrrrGGGggrrrrr"/>
    <tlsState time="4.00" id="A" programID="0" phase="0" state="GGGggrrrrrGGGggrrrrr"/>
    <tlsState time="5.00" id="A" programID="0" phase="0" state="GGGggrrrrrGGGggrrrrr"/>
    <tlsState time="6.00" id="A" programID="0" phase="0" state="GGGggrrrrrGGGggrrrrr"/>
    <tlsState time="7.00" id="A" programID="0" phase="0" state="GGGggrrrrrGGGggrrrrr"/>
    <tlsState time="8.00" id="A" programID="0" phase="0" state="GGGggrrrrrGGGggrrrrr"/>
    <tlsState time="9.00" id="A" programID="0" phase="0" state="GGGggrrrrrGGGggrrrrr"/>
   <interval begin="0.00" end="10.00" id="wA0" sampledSeconds="0.00" nVehEntered="0" nVehLeft="0" nVehSeen="0" meanSpeed="-1.00" meanTimeLoss="-1.00" meanOccupancy="0.00" maxOccupancy="0.00" meanMaxJamLengthInVehicles="0.00" meanMaxJamLengthInMeters="0.00" maxJamLengthInVehicles="0" maxJamLengthInMeters="0.00" jamLengthInVehiclesSum="0" jamLengthInMetersSum="0.00" meanHaltingDuration="0.00" maxHaltingDuration="0.00" haltingDurationSum="0.00" meanIntervalHaltingDuration="0.00" maxIntervalHaltingDuration="0.00" intervalHaltingDurationSum="0.00" startedHalts="0.00" meanVehicleNumber="0.00" maxVehicleNumber="0" />
   <interval begin="0.00" end="10.00" id="nA0" sampledSeconds="0.00" nVehEntered="0" nVehLeft="0" nVehSeen="0" meanSpeed="-1.00" meanTimeLoss="-1.00" meanOccupancy="0.00" maxOccupancy="0.00" meanMaxJamLengthInVehicles="0.00" meanMaxJamLengthInMeters="0.00" maxJamLengthInVehicles="0" maxJamLengthInMeters="0.00" jamLengthInVehiclesSum="0" jamLengthInMetersSum="0.00" meanHaltingDuration="0.00" maxHaltingDuration="0.00" haltingDurationSum="0.00" meanIntervalHaltingDuration="0.00" maxIntervalHaltingDuration="0.00" intervalHaltingDurationSum="0.00" startedHalts="0.00" meanVehicleNumber="0.00" maxVehicleNumber="0" />
   <interval begin="0.00" end="10.00" id="eA0" sampledSeconds="0.00" nVehEntered="0" nVehLeft="0" nVehSeen="0" meanSpeed="-1.00" meanTimeLoss="-1.00" meanOccupancy="0.00" maxOccupancy="0.00" meanMaxJamLengthInVehicles="0.00" meanMaxJamLengthInMeters="0.00" maxJamLengthInVehicles="0" maxJamLengthInMeters="0.00" jamLengthInVehiclesSum="0" jamLengthInMetersSum="0.00" meanHaltingDuration="0.00" maxHaltingDuration="0.00" haltingDurationSum="0.00" meanIntervalHaltingDuration="0.00" maxIntervalHaltingDuration="0.00" intervalHaltingDurationSum="0.00" startedHalts="0.00" meanVehicleNumber="0.00" maxVehicleNumber="0" />
   <interval begin="0.00" end="10.00" id="sA0" sampledSeconds="0.00" nVehEntered="0" nVehLeft="0" nVehSeen="0" meanSpeed="-1.00" meanTimeLoss="-1.00" meanOccupancy="0.00" maxOccupancy="0.00" meanMaxJamLengthInVehicles="0.00" meanMaxJamLengthInMeters="0.00" maxJamLengthInVehicles="0" maxJamLengthInMeters="0.00" jamLengthInVehiclesSum="0" jamLengthInMetersSum="0.00" meanHaltingDuration="0.00" maxHaltingDuration="0.00" haltingDurationSum="0.00" meanIntervalHaltingDuration="0.00" maxIntervalHaltingDuration="0.00" intervalHaltingDurationSum="0.00" startedHalts="0.00" meanVehicleNumber="0.00" maxVehicleNumber="0" />
    <tlsState time="10.00" id="A" programID="0" phase="2" state="rrrrrGGGggrrrrrGGGgg"/>
    <tlsState time="11.00" id="A" programID="0" phase="2" state="rrrrrGGGggrrrrrGGGgg"/>
    <tlsState time="12.00" id="A" programID="0" phase="2" state="rrrrrGGGggrrrrrGGGgg"/>
    <tlsState time="13.00" id="A" programID="0" phase="2" state="rrrrrGGGggrrrrrGGGgg"/>
    <tlsState time="14.00" id="A" programID="0" phase="2" state="rrrrrGGGggrrrrrGGGgg"/>
    <tlsState time="15.00" id="A" programID="0" phase="2" state="rrrrrGGGggrrrrrGGGgg"/>
    <tlsState time="16.00" id="A" programID="0" phase="2" state="rrrrrGGGggrrrrrGGGgg"/>
    <tlsState time="17.00" id="A" programID="0" phase="2" state="rrrrrGGGggrrrrrGGGgg"/>
    <tlsState time="18.00" id="A" programID="0" phase="2" state="rrrrrGGGggrrrrrGGGgg"/>
    <tlsState time="19.00" id="A" programID="0" phase="2" state="rrrrrGGGggrrrrrGGGgg"/>
   <interval begin="10.00" end="20.00" id="wA0" sampledSeconds="0.00" nVehEntered="0" nVehLeft="0" nVehSeen="0" meanSpeed="-1.00" meanTimeLoss="-1.00" meanOccupancy="0.00" maxOccupancy="0.00" meanMaxJamLengthInVehicles="0.00" meanMaxJamLengthInMeters="0.00" maxJamLengthInVehicles="0" maxJamLengthInMeters="0.00" jamLengthInVehiclesSum="0" jamLengthInMetersSum="0.00" meanHaltingDuration="0.00" maxHaltingDuration="0.00" haltingDurationSum="0.00" meanIntervalHaltingDuration="0.00" maxIntervalHaltingDuration="0.00" intervalHaltingDurationSum="0.00" startedHalts="0.00" meanVehicleNumber="0.00" maxVehicleNumber="0" />
   <interval begin="10.00" end="20.00" id="nA0" sampledSeconds="0.00" nVehEntered="0" nVehLeft="0" nVehSeen="0" meanSpeed="-1.00" meanTimeLoss="-1.00" meanOccupancy="0.00" maxOccupancy="0.00" meanMaxJamLengthInVehicles="0.00" meanMaxJamLengthInMeters="0.00" maxJamLengthInVehicles="0" maxJamLengthInMeters="0.00" jamLengthInVehiclesSum="0" jamLengthInMetersSum="0.00" meanHaltingDuration="0.00" maxHaltingDuration="0.00" haltingDurationSum="0.00" meanIntervalHaltingDuration="0.00" maxIntervalHaltingDuration="0.00" intervalHaltingDurationSum="0.00" startedHalts="0.00" meanVehicleNumber="0.00" maxVehicleNumber="0" />
   <interval begin="10.00" end="20.00" id="eA0" sampledSeconds="0.00" nVehEntered="0" nVehLeft="0" nVehSeen="0" meanSpeed="-1.00" meanTimeLoss="-1.00" meanOccupancy="0.00" maxOccupancy="0.00" meanMaxJamLengthInVehicles="0.00" meanMaxJamLengthInMeters="0.00" maxJamLengthInVehicles="0" maxJamLengthInMeters="0.00" jamLengthInVehiclesSum="0" jamLengthInMetersSum="0.00" meanHaltingDuration="0.00" maxHaltingDuration="0.00" haltingDurationSum="0.00" meanIntervalHaltingDuration="0.00" maxIntervalHaltingDuration="0.00" intervalHaltingDurationSum="0.00" startedHalts="0.00" meanVehicleNumber="0.00" maxVehicleNumber="0" />
   <interval begin="10.00" end="20.00" id="sA0" sampledSeconds="0.00" nVehEntered="0" nVehLeft="0" nVehSeen="0" meanSpeed="-1.00" meanTimeLoss="-1.00" meanOccupancy="0.00" maxOccupancy="0.00" meanMaxJamLengthInVehicles="0.00" meanMaxJamLengthInMeters="0.00" maxJamLengthInVehicles="0" maxJamLengthInMeters="0.00" jamLengthInVehiclesSum="0" jamLengthInMetersSum="0.00" meanHaltingDuration="0.00" maxHaltingDuration="0.00" haltingDurationSum="0.00" meanIntervalHaltingDuration="0.00" maxIntervalHaltingDuration="0.00" intervalHaltingDurationSum="0.00" startedHalts="0.00" meanVehicleNumber="0.00" maxVehicleNumber="0" />
    <tlsState time="20.00" id="A" programID="0" phase="0" state="GGGggrrrrrGGGggrrrrr"/>
    <tlsState time="21.00" id="A" programID="0" phase="0" state="GGGggrrrrrGGGggrrrrr"/>
    <tlsState time="22.00" id="A" programID="0" phase="0" state="GGGggrrrrrGGGggrrrrr"/>
    <tlsState time="23.00" id="A" programID="0" phase="0" state="GGGggrrrrrGGGggrrrrr"/>
    <tlsState time="24.00" id="A" programID="0" phase="0" state="GGGggrrrrrGGGggrrrrr"/>
    <tlsState time="25.00" id="A" programID="0" phase="0" state="GGGggrrrrrGGGggrrrrr"/>
    <tlsState time="26.00" id="A" programID="0" phase="0" state="GGGggrrrrrGGGggrrrrr"/>
    <tlsState time="27.00" id="A" programID="0" phase="0" state="GGGggrrrrrGGGggrrrrr"/>
    <tlsState time="28.00" id="A" programID="0" phase="0" state="GGGggrrrrrGGGggrrrrr"/>
    <tlsState time="29.00" id="A" programID="0" phase="0" state="GGGggrrrrrGGGggrrrrr"/>
   <interval begin="20.00" end="30.00" id="wA0" sampledSeconds="0.69" nVehEntered="1" nVehLeft="0" nVehSeen="1" meanSpeed="13.45" meanTimeLoss="0.03" meanOccupancy="1.67" maxOccupancy="16.67" meanMaxJamLengthInVehicles="0.00" meanMaxJamLengthInMeters="0.00" maxJamLengthInVehicles="0" maxJamLengthInMeters="0.00" jamLengthInVehiclesSum="0" jamLengthInMetersSum="0.00" meanHaltingDuration="0.00" maxHaltingDuration="0.00" haltingDurationSum="0.00" meanIntervalHaltingDuration="0.00" maxIntervalHaltingDuration="0.00" intervalHaltingDurationSum="0.00" startedHalts="0.00" meanVehicleNumber="0.10" maxVehicleNumber="1" />
   <interval begin="20.00" end="30.00" id="nA0" sampledSeconds="0.37" nVehEntered="1" nVehLeft="0" nVehSeen="1" meanSpeed="13.06" meanTimeLoss="0.04" meanOccupancy="1.60" maxOccupancy="15.98" meanMaxJamLengthInVehicles="0.00" meanMaxJamLengthInMeters="0.00" maxJamLengthInVehicles="0" maxJamLengthInMeters="0.00" jamLengthInVehiclesSum="0" jamLengthInMetersSum="0.00" meanHaltingDuration="0.00" maxHaltingDuration="0.00" haltingDurationSum="0.00" meanIntervalHaltingDuration="0.00" maxIntervalHaltingDuration="0.00" intervalHaltingDurationSum="0.00" startedHalts="0.00" meanVehicleNumber="0.10" maxVehicleNumber="1" />
   <interval begin="20.00" end="30.00" id="eA0" sampledSeconds="1.59" nVehEntered="1" nVehLeft="0" nVehSeen="1" meanSpeed="12.90" meanTimeLoss="0.02" meanOccupancy="3.33" maxOccupancy="16.67" meanMaxJamLengthInVehicles="0.00" meanMaxJamLengthInMeters="0.00" maxJamLengthInVehicles="0" maxJamLengthInMeters="0.00" jamLengthInVehiclesSum="0" jamLengthInMetersSum="0.00" meanHaltingDuration="0.00" maxHaltingDuration="0.00" haltingDurationSum="0.00" meanIntervalHaltingDuration="0.00" maxIntervalHaltingDuration="0.00" intervalHaltingDurationSum="0.00" startedHalts="0.00" meanVehicleNumber="0.20" maxVehicleNumber="1" />
   <interval begin="20.00" end="30.00" id="sA0" sampledSeconds="0.00" nVehEntered="0" nVehLeft="0" nVehSeen="0" meanSpeed="-1.00" meanTimeLoss="-1.00" meanOccupancy="0.00" maxOccupancy="0.00" meanMaxJamLengthInVehicles="0.00" meanMaxJamLengthInMeters="0.00" maxJamLengthInVehicles="0" maxJamLengthInMeters="0.00" jamLengthInVehiclesSum="0" jamLengthInMetersSum="0.00" meanHaltingDuration="0.00" maxHaltingDuration="0.00" haltingDurationSum="0.00" meanIntervalHaltingDuration="0.00" maxIntervalHaltingDuration="0.00" intervalHaltingDurationSum="0.00" startedHalts="0.00" meanVehicleNumber="0.00" maxVehicleNumber="0" />
    <tlsState time="30.00" id="A" programID="0" phase="2" state="rrrrrGGGggrrrrrGGGgg"/>
    <tlsState time="31.00" id="A" programID="0" phase="2" state="rrrrrGGGggrrrrrGGGgg"/>
    <tlsState time="32.00" id="A" programID="0" phase="2" state="rrrrrGGGggrrrrrGGGgg"/>
    <tlsState time="33.00" id="A" programID="0" phase="2" state="rrrrrGGGggrrrrrGGGgg"/>
    <tlsState time="34.00" id="A" programID="0" phase="2" state="rrrrrGGGggrrrrrGGGgg"/>
    <tlsState time="35.00" id="A" programID="0" phase="2" state="rrrrrGGGggrrrrrGGGgg"/>
    <tlsState time="36.00" id="A" programID="0" phase="2" state="rrrrrGGGggrrrrrGGGgg"/>
    <tlsState time="37.00" id="A" programID="0" phase="2" state="rrrrrGGGggrrrrrGGGgg"/>
    <tlsState time="38.00" id="A" programID="0" phase="2" state="rrrrrGGGggrrrrrGGGgg"/>
    <tlsState time="39.00" id="A" programID="0" phase="2" state="rrrrrGGGggrrrrrGGGgg"/>
   <interval begin="30.00" end="40.00" id="wA0" sampledSeconds="1.87" nVehEntered="0" nVehLeft="1" nVehSeen="1" meanSpeed="13.72" meanTimeLoss="0.04" meanOccupancy="1.67" maxOccupancy="16.67" meanMaxJamLengthInVehicles="0.00" meanMaxJamLengthInMeters="0.00" maxJamLengthInVehicles="0" maxJamLengthInMeters="0.00" jamLengthInVehiclesSum="0" jamLengthInMetersSum="0.00" meanHaltingDuration="0.00" maxHaltingDuration="0.00" haltingDurationSum="0.00" meanIntervalHaltingDuration="0.00" maxIntervalHaltingDuration="0.00" intervalHaltingDurationSum="0.00" startedHalts="0.00" meanVehicleNumber="0.20" maxVehicleNumber="1" />
   <interval begin="30.00" end="40.00" id="nA0" sampledSeconds="10.00" nVehEntered="0" nVehLeft="0" nVehSeen="1" meanSpeed="2.88" meanTimeLoss="8.04" meanOccupancy="7.44" maxOccupancy="16.67" meanMaxJamLengthInVehicles="0.60" meanMaxJamLengthInMeters="0.84" maxJamLengthInVehicles="1" maxJamLengthInMeters="1.43" jamLengthInVehiclesSum="6" jamLengthInMetersSum="8.44" meanHaltingDuration="7.00" maxHaltingDuration="7.00" haltingDurationSum="7.00" meanIntervalHaltingDuration="7.00" maxIntervalHaltingDuration="7.00" intervalHaltingDurationSum="7.00" startedHalts="1.00" meanVehicleNumber="1.00" maxVehicleNumber="1" />
   <interval begin="30.00" end="40.00" id="eA0" sampledSeconds="2.76" nVehEntered="1" nVehLeft="1" nVehSeen="2" meanSpeed="13.35" meanTimeLoss="0.04" meanOccupancy="3.85" maxOccupancy="16.67" meanMaxJamLengthInVehicles="0.00" meanMaxJamLengthInMeters="0.00" maxJamLengthInVehicles="0" maxJamLengthInMeters="0.00" jamLengthInVehiclesSum="0" jamLengthInMetersSum="0.00" meanHaltingDuration="0.00" maxHaltingDuration="0.00" haltingDurationSum="0.00" meanIntervalHaltingDuration="0.00" maxIntervalHaltingDuration="0.00" intervalHaltingDurationSum="0.00" startedHalts="0.00" meanVehicleNumber="0.40" maxVehicleNumber="1" />
   <interval begin="30.00" end="40.00" id="sA0" sampledSeconds="7.61" nVehEntered="1" nVehLeft="0" nVehSeen="1" meanSpeed="4.41" meanTimeLoss="5.38" meanOccupancy="7.41" maxOccupancy="16.67" meanMaxJamLengthInVehicles="0.30" meanMaxJamLengthInMeters="0.42" maxJamLengthInVehicles="1" maxJamLengthInMeters="1.41" jamLengthInVehiclesSum="3" jamLengthInMetersSum="4.21" meanHaltingDuration="4.00" maxHaltingDuration="4.00" haltingDurationSum="4.00" meanIntervalHaltingDuration="4.00" maxIntervalHaltingDuration="4.00" intervalHaltingDurationSum="4.00" startedHalts="1.00" meanVehicleNumber="0.80" maxVehicleNumber="1" />
    <tlsState time="40.00" id="A" programID="0" phase="0" state="GGGggrrrrrGGGggrrrrr"/>
    <tlsState time="41.00" id="A" programID="0" phase="0" state="GGGggrrrrrGGGggrrrrr"/>
    <tlsState time="42.00" id="A" programID="0" phase="0" state="GGGggrrrrrGGGggrrrrr"/>
    <tlsState time="43.00" id="A" programID="0" phase="0" state="GGGggrrrrrGGGggrrrrr"/>
    <tlsState time="44.00" id="A" programID="0" phase="0" state="GGGggrrrrrGGGggrrrrr"/>
    <tlsState time="45.00" id="A" programID="0" phase="0" state="GGGggrrrrrGGGggrrrrr"/>
    <tlsState time="46.00" id="A" programID="0" phase="0" state="GGGggrrrrrGGGggrrrrr"/>
    <tlsState time="47.00" id="A" programID="0" phase="0" state="GGGggrrrrrGGGggrrrrr"/>
    <tlsState time="48.00" id="A" programID="0" phase="0" state="GGGggrrrrrGGGggrrrrr"/>
    <tlsState time="49.00" id="A" programID="0" phase="0" state="GGGggrrrrrGGGggrrrrr"/>
   <interval begin="40.00" end="50.00" id="wA0" sampledSeconds="9.69" nVehEntered="2" nVehLeft="1" nVehSeen="2" meanSpeed="4.99" meanTimeLoss="2.88" meanOccupancy="10.82" maxOccupancy="21.34" meanMaxJamLengthInVehicles="0.40" meanMaxJamLengthInMeters="0.56" maxJamLengthInVehicles="1" maxJamLengthInMeters="1.41" jamLengthInVehiclesSum="4" jamLengthInMetersSum="5.61" meanHaltingDuration="5.00" maxHaltingDuration="5.00" haltingDurationSum="5.00" meanIntervalHaltingDuration="5.00" maxIntervalHaltingDuration="5.00" intervalHaltingDurationSum="5.00" startedHalts="1.00" meanVehicleNumber="1.10" maxVehicleNumber="2" />
   <interval begin="40.00" end="50.00" id="nA0" sampledSeconds="1.58" nVehEntered="0" nVehLeft="1" nVehSeen="1" meanSpeed="0.89" meanTimeLoss="1.49" meanOccupancy="0.26" maxOccupancy="2.60" meanMaxJamLengthInVehicles="0.20" meanMaxJamLengthInMeters="0.08" maxJamLengthInVehicles="1" maxJamLengthInMeters="0.78" jamLengthInVehiclesSum="2" jamLengthInMetersSum="0.78" meanHaltingDuration="0.00" maxHaltingDuration="0.00" haltingDurationSum="0.00" meanIntervalHaltingDuration="0.00" maxIntervalHaltingDuration="0.00" intervalHaltingDurationSum="0.00" startedHalts="0.00" meanVehicleNumber="0.20" maxVehicleNumber="1" />
   <interval begin="40.00" end="50.00" id="eA0" sampledSeconds="10.00" nVehEntered="0" nVehLeft="0" nVehSeen="1" meanSpeed="1.11" meanTimeLoss="9.22" meanOccupancy="5.77" maxOccupancy="15.71" meanMaxJamLengthInVehicles="0.70" meanMaxJamLengthInMeters="0.98" maxJamLengthInVehicles="1" maxJamLengthInMeters="1.40" jamLengthInVehiclesSum="7" jamLengthInMetersSum="9.81" meanHaltingDuration="8.00" maxHaltingDuration="8.00" haltingDurationSum="8.00" meanIntervalHaltingDuration="8.00" maxIntervalHaltingDuration="8.00" intervalHaltingDurationSum="8.00" startedHalts="1.00" meanVehicleNumber="1.00" maxVehicleNumber="1" />
   <interval begin="40.00" end="50.00" id="sA0" sampledSeconds="1.96" nVehEntered="0" nVehLeft="1" nVehSeen="1" meanSpeed="0.71" meanTimeLoss="1.87" meanOccupancy="0.32" maxOccupancy="3.22" meanMaxJamLengthInVehicles="0.20" meanMaxJamLengthInMeters="0.10" maxJamLengthInVehicles="1" maxJamLengthInMeters="0.97" jamLengthInVehiclesSum="2" jamLengthInMetersSum="0.97" meanHaltingDuration="0.00" maxHaltingDuration="0.00" haltingDurationSum="0.00" meanIntervalHaltingDuration="0.00" maxIntervalHaltingDuration="0.00" intervalHaltingDurationSum="0.00" startedHalts="0.00" meanVehicleNumber="0.20" maxVehicleNumber="1" />
    <tlsState time="50.00" id="A" programID="0" phase="0" state="GGGggrrrrrGGGggrrrrr"/>
    <tlsState time="51.00" id="A" programID="0" phase="0" state="GGGggrrrrrGGGggrrrrr"/>
    <tlsState time="52.00" id="A" programID="0" phase="0" state="GGGggrrrrrGGGggrrrrr"/>
    <tlsState time="53.00" id="A" programID="0" phase="0" state="GGGggrrrrrGGGggrrrrr"/>
    <tlsState time="54.00" id="A" programID="0" phase="0" state="GGGggrrrrrGGGggrrrrr"/>
    <tlsState time="55.00" id="A" programID="0" phase="0" state="GGGggrrrrrGGGggrrrrr"/>
    <tlsState time="56.00" id="A" programID="0" phase="0" state="GGGggrrrrrGGGggrrrrr"/>
    <tlsState time="57.00" id="A" programID="0" phase="0" state="GGGggrrrrrGGGggrrrrr"/>
    <tlsState time="58.00" id="A" programID="0" phase="0" state="GGGggrrrrrGGGggrrrrr"/>
    <tlsState time="59.00" id="A" programID="0" phase="0" state="GGGggrrrrrGGGggrrrrr"/>
   <interval begin="50.00" end="60.00" id="wA0" sampledSeconds="20.53" nVehEntered="2" nVehLeft="1" nVehSeen="3" meanSpeed="2.17" meanTimeLoss="5.75" meanOccupancy="23.53" maxOccupancy="38.00" meanMaxJamLengthInVehicles="1.40" meanMaxJamLengthInMeters="5.84" maxJamLengthInVehicles="2" maxJamLengthInMeters="12.52" jamLengthInVehiclesSum="14" jamLengthInMetersSum="58.44" meanHaltingDuration="10.00" maxHaltingDuration="15.00" haltingDurationSum="20.00" meanIntervalHaltingDuration="7.50" maxIntervalHaltingDuration="10.00" intervalHaltingDurationSum="15.00" startedHalts="1.00" meanVehicleNumber="2.20" maxVehicleNumber="3" />
   <interval begin="50.00" end="60.00" id="nA0" sampledSeconds="5.36" nVehEntered="2" nVehLeft="2" nVehSeen="2" meanSpeed="13.06" meanTimeLoss="0.10" meanOccupancy="7.46" maxOccupancy="16.67" meanMaxJamLengthInVehicles="0.00" meanMaxJamLengthInMeters="0.00" maxJamLengthInVehicles="0" maxJamLengthInMeters="0.00" jamLengthInVehiclesSum="0" jamLengthInMetersSum="0.00" meanHaltingDuration="0.00" maxHaltingDuration="0.00" haltingDurationSum="0.00" meanIntervalHaltingDuration="0.00" maxIntervalHaltingDuration="0.00" intervalHaltingDurationSum="0.00" startedHalts="0.00" meanVehicleNumber="0.70" maxVehicleNumber="1" />
   <interval begin="50.00" end="60.00" id="eA0" sampledSeconds="11.62" nVehEntered="2" nVehLeft="1" nVehSeen="3" meanSpeed="1.70" meanTimeLoss="3.37" meanOccupancy="8.16" maxOccupancy="21.34" meanMaxJamLengthInVehicles="1.00" meanMaxJamLengthInMeters="1.40" maxJamLengthInVehicles="1" maxJamLengthInMeters="1.40" jamLengthInVehiclesSum="10" jamLengthInMetersSum="14.01" meanHaltingDuration="18.00" maxHaltingDuration="18.00" haltingDurationSum="18.00" meanIntervalHaltingDuration="10.00" maxIntervalHaltingDuration="10.00" intervalHaltingDurationSum="10.00" startedHalts="0.00" meanVehicleNumber="1.30" maxVehicleNumber="2" />
   <interval begin="50.00" end="60.00" id="sA0" sampledSeconds="0.00" nVehEntered="0" nVehLeft="0" nVehSeen="0" meanSpeed="-1.00" meanTimeLoss="-1.00" meanOccupancy="0.00" maxOccupancy="0.00" meanMaxJamLengthInVehicles="0.00" meanMaxJamLengthInMeters="0.00" maxJamLengthInVehicles="0" maxJamLengthInMeters="0.00" jamLengthInVehiclesSum="0" jamLengthInMetersSum="0.00" meanHaltingDuration="0.00" maxHaltingDuration="0.00" haltingDurationSum="0.00" meanIntervalHaltingDuration="0.00" maxIntervalHaltingDuration="0.00" intervalHaltingDurationSum="0.00" startedHalts="0.00" meanVehicleNumber="0.00" maxVehicleNumber="0" />
    <tlsState time="60.00" id="A" programID="0" phase="2" state="rrrrrGGGggrrrrrGGGgg"/>
    <tlsState time="61.00" id="A" programID="0" phase="2" state="rrrrrGGGggrrrrrGGGgg"/>
    <tlsState time="62.00" id="A" programID="0" phase="2" state="rrrrrGGGggrrrrrGGGgg"/>
    <tlsState time="63.00" id="A" programID="0" phase="2" state="rrrrrGGGggrrrrrGGGgg"/>
    <tlsState time="64.00" id="A" programID="0" phase="2" state="rrrrrGGGggrrrrrGGGgg"/>
    <tlsState time="65.00" id="A" programID="0" phase="2" state="rrrrrGGGggrrrrrGGGgg"/>
    <tlsState time="66.00" id="A" programID="0" phase="2" state="rrrrrGGGggrrrrrGGGgg"/>
    <tlsState time="67.00" id="A" programID="0" phase="2" state="rrrrrGGGggrrrrrGGGgg"/>
    <tlsState time="68.00" id="A" programID="0" phase="2" state="rrrrrGGGggrrrrrGGGgg"/>
    <tlsState time="69.00" id="A" programID="0" phase="2" state="rrrrrGGGggrrrrrGGGgg"/>
   <interval begin="60.00" end="70.00" id="wA0" sampledSeconds="12.70" nVehEntered="2" nVehLeft="3" nVehSeen="4" meanSpeed="3.31" meanTimeLoss="2.38" meanOccupancy="17.38" maxOccupancy="32.77" meanMaxJamLengthInVehicles="0.60" meanMaxJamLengthInMeters="3.67" maxJamLengthInVehicles="2" maxJamLengthInMeters="13.68" jamLengthInVehiclesSum="6" jamLengthInMetersSum="36.68" meanHaltingDuration="9.00" maxHaltingDuration="9.00" haltingDurationSum="9.00" meanIntervalHaltingDuration="4.00" maxIntervalHaltingDuration="4.00" intervalHaltingDurationSum="4.00" startedHalts="0.00" meanVehicleNumber="1.40" maxVehicleNumber="2" />
   <interval begin="60.00" end="70.00" id="nA0" sampledSeconds="7.86" nVehEntered="1" nVehLeft="0" nVehSeen="1" meanSpeed="4.28" meanTimeLoss="5.55" meanOccupancy="7.31" maxOccupancy="16.67" meanMaxJamLengthInVehicles="0.30" meanMaxJamLengthInMeters="0.42" maxJamLengthInVehicles="1" maxJamLengthInMeters="1.41" jamLengthInVehiclesSum="3" jamLengthInMetersSum="4.21" meanHaltingDuration="4.00" maxHaltingDuration="4.00" haltingDurationSum="4.00" meanIntervalHaltingDuration="4.00" maxIntervalHaltingDuration="4.00" intervalHaltingDurationSum="4.00" startedHalts="1.00" meanVehicleNumber="0.80" maxVehicleNumber="1" />
   <interval begin="60.00" end="70.00" id="eA0" sampledSeconds="8.08" nVehEntered="1" nVehLeft="3" nVehSeen="3" meanSpeed="4.95" meanTimeLoss="1.79" meanOccupancy="9.25" maxOccupancy="24.12" meanMaxJamLengthInVehicles="0.20" meanMaxJamLengthInMeters="0.06" maxJamLengthInVehicles="1" maxJamLengthInMeters="0.61" jamLengthInVehiclesSum="2" jamLengthInMetersSum="0.61" meanHaltingDuration="0.00" maxHaltingDuration="0.00" haltingDurationSum="0.00" meanIntervalHaltingDuration="0.00" maxIntervalHaltingDuration="0.00" intervalHaltingDurationSum="0.00" startedHalts="0.00" meanVehicleNumber="0.90" maxVehicleNumber="2" />
   <interval begin="60.00" end="70.00" id="sA0" sampledSeconds="0.00" nVehEntered="0" nVehLeft="0" nVehSeen="0" meanSpeed="-1.00" meanTimeLoss="-1.00" meanOccupancy="0.00" maxOccupancy="0.00" meanMaxJamLengthInVehicles="0.00" meanMaxJamLengthInMeters="0.00" maxJamLengthInVehicles="0" maxJamLengthInMeters="0.00" jamLengthInVehiclesSum="0" jamLengthInMetersSum="0.00" meanHaltingDuration="0.00" maxHaltingDuration="0.00" haltingDurationSum="0.00" meanIntervalHaltingDuration="0.00" maxIntervalHaltingDuration="0.00" intervalHaltingDurationSum="0.00" startedHalts="0.00" meanVehicleNumber="0.00" maxVehicleNumber="0" />
    <tlsState time="70.00" id="A" programID="0" phase="2" state="rrrrrGGGggrrrrrGGGgg"/>
    <tlsState time="71.00" id="A" programID="0" phase="2" state="rrrrrGGGggrrrrrGGGgg"/>
    <tlsState time="72.00" id="A" programID="0" phase="2" state="rrrrrGGGggrrrrrGGGgg"/>
    <tlsState time="73.00" id="A" programID="0" phase="2" state="rrrrrGGGggrrrrrGGGgg"/>
    <tlsState time="74.00" id="A" programID="0" phase="2" state="rrrrrGGGggrrrrrGGGgg"/>
    <tlsState time="75.00" id="A" programID="0" phase="2" state="rrrrrGGGggrrrrrGGGgg"/>
    <tlsState time="76.00" id="A" programID="0" phase="2" state="rrrrrGGGggrrrrrGGGgg"/>
    <tlsState time="77.00" id="A" programID="0" phase="2" state="rrrrrGGGggrrrrrGGGgg"/>
    <tlsState time="78.00" id="A" programID="0" phase="2" state="rrrrrGGGggrrrrrGGGgg"/>
    <tlsState time="79.00" id="A" programID="0" phase="2" state="rrrrrGGGggrrrrrGGGgg"/>
   <interval begin="70.00" end="80.00" id="wA0" sampledSeconds="2.33" nVehEntered="0" nVehLeft="1" nVehSeen="1" meanSpeed="11.92" meanTimeLoss="0.05" meanOccupancy="2.89" maxOccupancy="16.67" meanMaxJamLengthInVehicles="0.00" meanMaxJamLengthInMeters="0.00" maxJamLengthInVehicles="0" maxJamLengthInMeters="0.00" jamLengthInVehiclesSum="0" jamLengthInMetersSum="0.00" meanHaltingDuration="0.00" maxHaltingDuration="0.00" haltingDurationSum="0.00" meanIntervalHaltingDuration="0.00" maxIntervalHaltingDuration="0.00" intervalHaltingDurationSum="0.00" startedHalts="0.00" meanVehicleNumber="0.30" maxVehicleNumber="1" />
   <interval begin="70.00" end="80.00" id="nA0" sampledSeconds="10.18" nVehEntered="1" nVehLeft="1" nVehSeen="2" meanSpeed="0.23" meanTimeLoss="5.01" meanOccupancy="5.47" maxOccupancy="12.62" meanMaxJamLengthInVehicles="1.00" meanMaxJamLengthInMeters="1.40" maxJamLengthInVehicles="1" maxJamLengthInMeters="1.40" jamLengthInVehiclesSum="10" jamLengthInMetersSum="14.01" meanHaltingDuration="14.00" maxHaltingDuration="14.00" haltingDurationSum="14.00" meanIntervalHaltingDuration="10.00" maxIntervalHaltingDuration="10.00" intervalHaltingDurationSum="10.00" startedHalts="0.00" meanVehicleNumber="1.10" maxVehicleNumber="2" />
   <interval begin="70.00" end="80.00" id="eA0" sampledSeconds="5.42" nVehEntered="2" nVehLeft="2" nVehSeen="2" meanSpeed="12.92" meanTimeLoss="0.02" meanOccupancy="7.33" maxOccupancy="16.67" meanMaxJamLengthInVehicles="0.00" meanMaxJamLengthInMeters="0.00" maxJamLengthInVehicles="0" maxJamLengthInMeters="0.00" jamLengthInVehiclesSum="0" jamLengthInMetersSum="0.00" meanHaltingDuration="0.00" maxHaltingDuration="0.00" haltingDurationSum="0.00" meanIntervalHaltingDuration="0.00" maxIntervalHaltingDuration="0.00" intervalHaltingDurationSum="0.00" startedHalts="0.00" meanVehicleNumber="0.70" maxVehicleNumber="1" />
   <interval begin="70.00" end="80.00" id="sA0" sampledSeconds="0.00" nVehEntered="0" nVehLeft="0" nVehSeen="0" meanSpeed="-1.00" meanTimeLoss="-1.00" meanOccupancy="0.00" maxOccupancy="0.00" meanMaxJamLengthInVehicles="0.00" meanMaxJamLengthInMeters="0.00" maxJamLengthInVehicles="0" maxJamLengthInMeters="0.00" jamLengthInVehiclesSum="0" jamLengthInMetersSum="0.00" meanHaltingDuration="0.00" maxHaltingDuration="0.00" haltingDurationSum="0.00" meanIntervalHaltingDuration="0.00" maxIntervalHaltingDuration="0.00" intervalHaltingDurationSum="0.00" startedHalts="0.00" meanVehicleNumber="0.00" maxVehicleNumber="0" />
    <tlsState time="80.00" id="A" programID="0" phase="0" state="GGGggrrrrrGGGggrrrrr"/>
    <tlsState time="81.00" id="A" programID="0" phase="0" state="GGGggrrrrrGGGggrrrrr"/>
    <tlsState time="82.00" id="A" programID="0" phase="0" state="GGGggrrrrrGGGggrrrrr"/>
    <tlsState time="83.00" id="A" programID="0" phase="0" state="GGGggrrrrrGGGggrrrrr"/>
    <tlsState time="84.00" id="A" programID="0" phase="0" state="GGGggrrrrrGGGggrrrrr"/>
    <tlsState time="85.00" id="A" programID="0" phase="0" state="GGGggrrrrrGGGggrrrrr"/>
    <tlsState time="86.00" id="A" programID="0" phase="0" state="GGGggrrrrrGGGggrrrrr"/>
    <tlsState time="87.00" id="A" programID="0" phase="0" state="GGGggrrrrrGGGggrrrrr"/>
    <tlsState time="88.00" id="A" programID="0" phase="0" state="GGGggrrrrrGGGggrrrrr"/>
    <tlsState time="89.00" id="A" programID="0" phase="0" state="GGGggrrrrrGGGggrrrrr"/>
   <interval begin="80.00" end="90.00" id="wA0" sampledSeconds="0.26" nVehEntered="1" nVehLeft="0" nVehSeen="1" meanSpeed="11.37" meanTimeLoss="0.00" meanOccupancy="0.99" maxOccupancy="9.90" meanMaxJamLengthInVehicles="0.00" meanMaxJamLengthInMeters="0.00" maxJamLengthInVehicles="0" maxJamLengthInMeters="0.00" jamLengthInVehiclesSum="0" jamLengthInMetersSum="0.00" meanHaltingDuration="0.00" maxHaltingDuration="0.00" haltingDurationSum="0.00" meanIntervalHaltingDuration="0.00" maxIntervalHaltingDuration="0.00" intervalHaltingDurationSum="0.00" startedHalts="0.00" meanVehicleNumber="0.10" maxVehicleNumber="1" />
   <interval begin="80.00" end="90.00" id="nA0" sampledSeconds="4.20" nVehEntered="2" nVehLeft="2" nVehSeen="3" meanSpeed="8.74" meanTimeLoss="0.51" meanOccupancy="5.78" maxOccupancy="16.67" meanMaxJamLengthInVehicles="0.20" meanMaxJamLengthInMeters="0.07" maxJamLengthInVehicles="1" maxJamLengthInMeters="0.74" jamLengthInVehiclesSum="2" jamLengthInMetersSum="0.74" meanHaltingDuration="0.00" maxHaltingDuration="0.00" haltingDurationSum="0.00" meanIntervalHaltingDuration="0.00" maxIntervalHaltingDuration="0.00" intervalHaltingDurationSum="0.00" startedHalts="0.00" meanVehicleNumber="0.60" maxVehicleNumber="1" />
   <interval begin="80.00" end="90.00" id="eA0" sampledSeconds="0.00" nVehEntered="0" nVehLeft="0" nVehSeen="0" meanSpeed="-1.00" meanTimeLoss="-1.00" meanOccupancy="0.00" maxOccupancy="0.00" meanMaxJamLengthInVehicles="0.00" meanMaxJamLengthInMeters="0.00" maxJamLengthInVehicles="0" maxJamLengthInMeters="0.00" jamLengthInVehiclesSum="0" jamLengthInMetersSum="0.00" meanHaltingDuration="0.00" maxHaltingDuration="0.00" haltingDurationSum="0.00" meanIntervalHaltingDuration="0.00" maxIntervalHaltingDuration="0.00" intervalHaltingDurationSum="0.00" startedHalts="0.00" meanVehicleNumber="0.00" maxVehicleNumber="0" />
   <interval begin="80.00" end="90.00" id="sA0" sampledSeconds="2.56" nVehEntered="1" nVehLeft="1" nVehSeen="1" meanSpeed="13.66" meanTimeLoss="0.07" meanOccupancy="3.33" maxOccupancy="16.67" meanMaxJamLengthInVehicles="0.00" meanMaxJamLengthInMeters="0.00" maxJamLengthInVehicles="0" maxJamLengthInMeters="0.00" jamLengthInVehiclesSum="0" jamLengthInMetersSum="0.00" meanHaltingDuration="0.00" maxHaltingDuration="0.00" haltingDurationSum="0.00" meanIntervalHaltingDuration="0.00" maxIntervalHaltingDuration="0.00" intervalHaltingDurationSum="0.00" startedHalts="0.00" meanVehicleNumber="0.30" maxVehicleNumber="1" />
    <tlsState time="90.00" id="A" programID="0" phase="2" state="rrrrrGGGggrrrrrGGGgg"/>
    <tlsState time="91.00" id="A" programID="0" phase="2" state="rrrrrGGGggrrrrrGGGgg"/>
    <tlsState time="92.00" id="A" programID="0" phase="2" state="rrrrrGGGggrrrrrGGGgg"/>
    <tlsState time="93.00" id="A" programID="0" phase="2" state="rrrrrGGGggrrrrrGGGgg"/>
    <tlsState time="94.00" id="A" programID="0" phase="2" state="rrrrrGGGggrrrrrGGGgg"/>
    <tlsState time="95.00" id="A" programID="0" phase="2" state="rrrrrGGGggrrrrrGGGgg"/>
    <tlsState time="96.00" id="A" programID="0" phase="2" state="rrrrrGGGggrrrrrGGGgg"/>
    <tlsState time="97.00" id="A" programID="0" phase="2" state="rrrrrGGGggrrrrrGGGgg"/>
    <tlsState time="98.00" id="A" programID="0" phase="2" state="rrrrrGGGggrrrrrGGGgg"/>
    <tlsState time="99.00" id="A" programID="0" phase="2" state="rrrrrGGGggrrrrrGGGgg"/>
   <interval begin="90.00" end="100.00" id="wA0" sampledSeconds="5.80" nVehEntered="1" nVehLeft="2" nVehSeen="2" meanSpeed="11.55" meanTimeLoss="0.06" meanOccupancy="8.33" maxOccupancy="16.67" meanMaxJamLengthInVehicles="0.00" meanMaxJamLengthInMeters="0.00" maxJamLengthInVehicles="0" maxJamLengthInMeters="0.00" jamLengthInVehiclesSum="0" jamLengthInMetersSum="0.00" meanHaltingDuration="0.00" maxHaltingDuration="0.00" haltingDurationSum="0.00" meanIntervalHaltingDuration="0.00" maxIntervalHaltingDuration="0.00" intervalHaltingDurationSum="0.00" startedHalts="0.00" meanVehicleNumber="0.70" maxVehicleNumber="1" />
   <interval begin="90.00" end="100.00" id="nA0" sampledSeconds="12.72" nVehEntered="2" nVehLeft="1" nVehSeen="3" meanSpeed="3.56" meanTimeLoss="3.16" meanOccupancy="11.11" maxOccupancy="21.35" meanMaxJamLengthInVehicles="0.70" meanMaxJamLengthInMeters="0.98" maxJamLengthInVehicles="1" maxJamLengthInMeters="1.40" jamLengthInVehiclesSum="7" jamLengthInMetersSum="9.81" meanHaltingDuration="8.00" maxHaltingDuration="8.00" haltingDurationSum="8.00" meanIntervalHaltingDuration="8.00" maxIntervalHaltingDuration="8.00" intervalHaltingDurationSum="8.00" startedHalts="1.00" meanVehicleNumber="1.40" maxVehicleNumber="2" />
   <interval begin="90.00" end="100.00" id="eA0" sampledSeconds="5.44" nVehEntered="2" nVehLeft="1" nVehSeen="2" meanSpeed="12.69" meanTimeLoss="0.03" meanOccupancy="6.99" maxOccupancy="16.67" meanMaxJamLengthInVehicles="0.00" meanMaxJamLengthInMeters="0.00" maxJamLengthInVehicles="0" maxJamLengthInMeters="0.00" jamLengthInVehiclesSum="0" jamLengthInMetersSum="0.00" meanHaltingDuration="0.00" maxHaltingDuration="0.00" haltingDurationSum="0.00" meanIntervalHaltingDuration="0.00" maxIntervalHaltingDuration="0.00" intervalHaltingDurationSum="0.00" startedHalts="0.00" meanVehicleNumber="0.70" maxVehicleNumber="1" />
   <interval begin="90.00" end="100.00" id="sA0" sampledSeconds="0.00" nVehEntered="0" nVehLeft="0" nVehSeen="0" meanSpeed="-1.00" meanTimeLoss="-1.00" meanOccupancy="0.00" maxOccupancy="0.00" meanMaxJamLengthInVehicles="0.00" meanMaxJamLengthInMeters="0.00" maxJamLengthInVehicles="0" maxJamLengthInMeters="0.00" jamLengthInVehiclesSum="0" jamLengthInMetersSum="0.00" meanHaltingDuration="0.00" maxHaltingDuration="0.00" haltingDurationSum="0.00" meanIntervalHaltingDuration="0.00" maxIntervalHaltingDuration="0.00" intervalHaltingDurationSum="0.00" startedHalts="0.00" meanVehicleNumber="0.00" maxVehicleNumber="0" />
    <tlsState time="100.00" id="A" programID="0" phase="0" state="GGGggrrrrrGGGggrrrrr"/>
    <tlsState time="101.00" id="A" programID="0" phase="0" state="GGGggrrrrrGGGggrrrrr"/>
    <tlsState time="102.00" id="A" programID="0" phase="0" state="GGGggrrrrrGGGggrrrrr"/>
    <tlsState time="103.00" id="A" programID="0" phase="0" state="GGGggrrrrrGGGggrrrrr"/>
    <tlsState time="104.00" id="A" programID="0" phase="0" state="GGGggrrrrrGGGggrrrrr"/>
    <tlsState time="105.00" id="A" programID="0" phase="0" state="GGGggrrrrrGGGggrrrrr"/>
    <tlsState time="106.00" id="A" programID="0" phase="0" state="GGGggrrrrrGGGggrrrrr"/>
    <tlsState time="107.00" id="A" programID="0" phase="0" state="GGGggrrrrrGGGggrrrrr"/>
    <tlsState time="108.00" id="A" programID="0" phase="0" state="GGGggrrrrrGGGggrrrrr"/>
    <tlsState time="109.00" id="A" programID="0" phase="0" state="GGGggrrrrrGGGggrrrrr"/>
   <interval begin="100.00" end="110.00" id="wA0" sampledSeconds="10.80" nVehEntered="3" nVehLeft="1" nVehSeen="3" meanSpeed="4.62" meanTimeLoss="2.40" meanOccupancy="11.61" maxOccupancy="21.73" meanMaxJamLengthInVehicles="0.50" meanMaxJamLengthInMeters="0.70" maxJamLengthInVehicles="1" maxJamLengthInMeters="1.41" jamLengthInVehiclesSum="5" jamLengthInMetersSum="7.01" meanHaltingDuration="6.00" maxHaltingDuration="6.00" haltingDurationSum="6.00" meanIntervalHaltingDuration="6.00" maxIntervalHaltingDuration="6.00" intervalHaltingDurationSum="6.00" startedHalts="1.00" meanVehicleNumber="1.20" maxVehicleNumber="2" />
   <interval begin="100.00" end="110.00" id="nA0" sampledSeconds="7.25" nVehEntered="0" nVehLeft="2" nVehSeen="2" meanSpeed="2.37" meanTimeLoss="3.07" meanOccupancy="7.70" maxOccupancy="18.83" meanMaxJamLengthInVehicles="0.20" meanMaxJamLengthInMeters="0.06" maxJamLengthInVehicles="1" maxJamLengthInMeters="0.65" jamLengthInVehiclesSum="2" jamLengthInMetersSum="0.65" meanHaltingDuration="1.00" maxHaltingDuration="1.00" haltingDurationSum="1.00" meanIntervalHaltingDuration="1.00" maxIntervalHaltingDuration="1.00" intervalHaltingDurationSum="1.00" startedHalts="1.00" meanVehicleNumber="0.80" maxVehicleNumber="2" />
   <interval begin="100.00" end="110.00" id="eA0" sampledSeconds="12.19" nVehEntered="2" nVehLeft="1" nVehSeen="3" meanSpeed="2.34" meanTimeLoss="3.33" meanOccupancy="5.48" maxOccupancy="18.00" meanMaxJamLengthInVehicles="0.90" meanMaxJamLengthInMeters="0.36" maxJamLengthInVehicles="1" maxJamLengthInMeters="0.40" jamLengthInVehiclesSum="9" jamLengthInMetersSum="3.60" meanHaltingDuration="10.00" maxHaltingDuration="10.00" haltingDurationSum="10.00" meanIntervalHaltingDuration="10.00" maxIntervalHaltingDuration="10.00" intervalHaltingDurationSum="10.00" startedHalts="1.00" meanVehicleNumber="1.40" maxVehicleNumber="2" />
   <interval begin="100.00" end="110.00" id="sA0" sampledSeconds="0.00" nVehEntered="0" nVehLeft="0" nVehSeen="0" meanSpeed="-1.00" meanTimeLoss="-1.00" meanOccupancy="0.00" maxOccupancy="0.00" meanMaxJamLengthInVehicles="0.00" meanMaxJamLengthInMeters="0.00" maxJamLengthInVehicles="0" maxJamLengthInMeters="0.00" jamLengthInVehiclesSum="0" jamLengthInMetersSum="0.00" meanHaltingDuration="0.00" maxHaltingDuration="0.00" haltingDurationSum="0.00" meanIntervalHaltingDuration="0.00" maxIntervalHaltingDuration="0.00" intervalHaltingDurationSum="0.00" startedHalts="0.00" meanVehicleNumber="0.00" maxVehicleNumber="0" />
    <tlsState time="110.00" id="A" programID="0" phase="2" state="rrrrrGGGggrrrrrGGGgg"/>
    <tlsState time="111.00" id="A" programID="0" phase="2" state="rrrrrGGGggrrrrrGGGgg"/>
    <tlsState time="112.00" id="A" programID="0" phase="2" state="rrrrrGGGggrrrrrGGGgg"/>
    <tlsState time="113.00" id="A" programID="0" phase="2" state="rrrrrGGGggrrrrrGGGgg"/>
    <tlsState time="114.00" id="A" programID="0" phase="2" state="rrrrrGGGggrrrrrGGGgg"/>
    <tlsState time="115.00" id="A" programID="0" phase="2" state="rrrrrGGGggrrrrrGGGgg"/>
    <tlsState time="116.00" id="A" programID="0" phase="2" state="rrrrrGGGggrrrrrGGGgg"/>
    <tlsState time="117.00" id="A" programID="0" phase="2" state="rrrrrGGGggrrrrrGGGgg"/>
    <tlsState time="118.00" id="A" programID="0" phase="2" state="rrrrrGGGggrrrrrGGGgg"/>
    <tlsState time="119.00" id="A" programID="0" phase="2" state="rrrrrGGGggrrrrrGGGgg"/>
   <interval begin="110.00" end="120.00" id="wA0" sampledSeconds="9.79" nVehEntered="2" nVehLeft="3" nVehSeen="4" meanSpeed="5.54" meanTimeLoss="1.51" meanOccupancy="11.86" maxOccupancy="20.38" meanMaxJamLengthInVehicles="0.20" meanMaxJamLengthInMeters="0.08" maxJamLengthInVehicles="1" maxJamLengthInMeters="0.83" jamLengthInVehiclesSum="2" jamLengthInMetersSum="0.83" meanHaltingDuration="0.00" maxHaltingDuration="0.00" haltingDurationSum="0.00" meanIntervalHaltingDuration="0.00" maxIntervalHaltingDuration="0.00" intervalHaltingDurationSum="0.00" startedHalts="0.00" meanVehicleNumber="1.10" maxVehicleNumber="2" />
   <interval begin="110.00" end="120.00" id="nA0" sampledSeconds="0.00" nVehEntered="0" nVehLeft="0" nVehSeen="0" meanSpeed="-1.00" meanTimeLoss="-1.00" meanOccupancy="0.00" maxOccupancy="0.00" meanMaxJamLengthInVehicles="0.00" meanMaxJamLengthInMeters="0.00" maxJamLengthInVehicles="0" maxJamLengthInMeters="0.00" jamLengthInVehiclesSum="0" jamLengthInMetersSum="0.00" meanHaltingDuration="0.00" maxHaltingDuration="0.00" haltingDurationSum="0.00" meanIntervalHaltingDuration="0.00" maxIntervalHaltingDuration="0.00" intervalHaltingDurationSum="0.00" startedHalts="0.00" meanVehicleNumber="0.00" maxVehicleNumber="0" />
   <interval begin="110.00" end="120.00" id="eA0" sampledSeconds="7.36" nVehEntered="0" nVehLeft="2" nVehSeen="2" meanSpeed="2.94" meanTimeLoss="2.89" meanOccupancy="8.30" maxOccupancy="16.67" meanMaxJamLengthInVehicles="0.20" meanMaxJamLengthInMeters="0.50" maxJamLengthInVehicles="1" maxJamLengthInMeters="5.00" jamLengthInVehiclesSum="2" jamLengthInMetersSum="5.00" meanHaltingDuration="2.00" maxHaltingDuration="2.00" haltingDurationSum="2.00" meanIntervalHaltingDuration="2.00" maxIntervalHaltingDuration="2.00" intervalHaltingDurationSum="2.00" startedHalts="1.00" meanVehicleNumber="0.80" maxVehicleNumber="2" />
   <interval begin="110.00" end="120.00" id="sA0" sampledSeconds="3.51" nVehEntered="1" nVehLeft="0" nVehSeen="1" meanSpeed="9.53" meanTimeLoss="1.03" meanOccupancy="5.52" maxOccupancy="16.67" meanMaxJamLengthInVehicles="0.00" meanMaxJamLengthInMeters="0.00" maxJamLengthInVehicles="0" maxJamLengthInMeters="0.00" jamLengthInVehiclesSum="0" jamLengthInMetersSum="0.00" meanHaltingDuration="0.00" maxHaltingDuration="0.00" haltingDurationSum="0.00" meanIntervalHaltingDuration="0.00" maxIntervalHaltingDuration="0.00" intervalHaltingDurationSum="0.00" startedHalts="0.00" meanVehicleNumber="0.40" maxVehicleNumber="1" />
    <tlsState time="120.00" id="A" programID="0" phase="2" state="rrrrrGGGggrrrrrGGGgg"/>
    <tlsState time="121.00" id="A" programID="0" phase="2" state="rrrrrGGGggrrrrrGGGgg"/>
    <tlsState time="122.00" id="A" programID="0" phase="2" state="rrrrrGGGggrrrrrGGGgg"/>
    <tlsState time="123.00" id="A" programID="0" phase="2" state="rrrrrGGGggrrrrrGGGgg"/>
    <tlsState time="124.00" id="A" programID="0" phase="2" state="rrrrrGGGggrrrrrGGGgg"/>
    <tlsState time="125.00" id="A" programID="0" phase="2" state="rrrrrGGGggrrrrrGGGgg"/>
    <tlsState time="126.00" id="A" programID="0" phase="2" state="rrrrrGGGggrrrrrGGGgg"/>
    <tlsState time="127.00" id="A" programID="0" phase="2" state="rrrrrGGGggrrrrrGGGgg"/>
    <tlsState time="128.00" id="A" programID="0" phase="2" state="rrrrrGGGggrrrrrGGGgg"/>
    <tlsState time="129.00" id="A" programID="0" phase="2" state="rrrrrGGGggrrrrrGGGgg"/>
   <interval begin="120.00" end="130.00" id="wA0" sampledSeconds="1.78" nVehEntered="0" nVehLeft="1" nVehSeen="1" meanSpeed="13.09" meanTimeLoss="0.13" meanOccupancy="1.67" maxOccupancy="16.67" meanMaxJamLengthInVehicles="0.00" meanMaxJamLengthInMeters="0.00" maxJamLengthInVehicles="0" maxJamLengthInMeters="0.00" jamLengthInVehiclesSum="0" jamLengthInMetersSum="0.00" meanHaltingDuration="0.00" maxHaltingDuration="0.00" haltingDurationSum="0.00" meanIntervalHaltingDuration="0.00" maxIntervalHaltingDuration="0.00" intervalHaltingDurationSum="0.00" startedHalts="0.00" meanVehicleNumber="0.20" maxVehicleNumber="1" />
   <interval begin="120.00" end="130.00" id="nA0" sampledSeconds="8.36" nVehEntered="2" nVehLeft="1" nVehSeen="2" meanSpeed="5.79" meanTimeLoss="2.67" meanOccupancy="9.58" maxOccupancy="21.35" meanMaxJamLengthInVehicles="0.30" meanMaxJamLengthInMeters="0.42" maxJamLengthInVehicles="1" maxJamLengthInMeters="1.41" jamLengthInVehiclesSum="3" jamLengthInMetersSum="4.22" meanHaltingDuration="4.00" maxHaltingDuration="4.00" haltingDurationSum="4.00" meanIntervalHaltingDuration="4.00" maxIntervalHaltingDuration="4.00" intervalHaltingDurationSum="4.00" startedHalts="1.00" meanVehicleNumber="1.00" maxVehicleNumber="2" />
   <interval begin="120.00" end="130.00" id="eA0" sampledSeconds="0.00" nVehEntered="0" nVehLeft="0" nVehSeen="0" meanSpeed="-1.00" meanTimeLoss="-1.00" meanOccupancy="0.00" maxOccupancy="0.00" meanMaxJamLengthInVehicles="0.00" meanMaxJamLengthInMeters="0.00" maxJamLengthInVehicles="0" maxJamLengthInMeters="0.00" jamLengthInVehiclesSum="0" jamLengthInMetersSum="0.00" meanHaltingDuration="0.00" maxHaltingDuration="0.00" haltingDurationSum="0.00" meanIntervalHaltingDuration="0.00" maxIntervalHaltingDuration="0.00" intervalHaltingDurationSum="0.00" startedHalts="0.00" meanVehicleNumber="0.00" maxVehicleNumber="0" />
   <interval begin="120.00" end="130.00" id="sA0" sampledSeconds="10.00" nVehEntered="0" nVehLeft="0" nVehSeen="1" meanSpeed="0.02" meanTimeLoss="9.99" meanOccupancy="4.68" maxOccupancy="4.73" meanMaxJamLengthInVehicles="0.90" meanMaxJamLengthInMeters="1.26" maxJamLengthInVehicles="1" maxJamLengthInMeters="1.40" jamLengthInVehiclesSum="9" jamLengthInMetersSum="12.61" meanHaltingDuration="10.00" maxHaltingDuration="10.00" haltingDurationSum="10.00" meanIntervalHaltingDuration="10.00" maxIntervalHaltingDuration="10.00" intervalHaltingDurationSum="10.00" startedHalts="1.00" meanVehicleNumber="1.00" maxVehicleNumber="1" />
    <tlsState time="130.00" id="A" programID="0" phase="0" state="GGGggrrrrrGGGggrrrrr"/>
    <tlsState time="131.00" id="A" programID="0" phase="0" state="GGGggrrrrrGGGggrrrrr"/>
    <tlsState time="132.00" id="A" programID="0" phase="0" state="GGGggrrrrrGGGggrrrrr"/>
    <tlsState time="133.00" id="A" programID="0" phase="0" state="GGGggrrrrrGGGggrrrrr"/>
    <tlsState time="134.00" id="A" programID="0" phase="0" state="GGGggrrrrrGGGggrrrrr"/>
    <tlsState time="135.00" id="A" programID="0" phase="0" state="GGGggrrrrrGGGggrrrrr"/>
    <tlsState time="136.00" id="A" programID="0" phase="0" state="GGGggrrrrrGGGggrrrrr"/>
    <tlsState time="137.00" id="A" programID="0" phase="0" state="GGGggrrrrrGGGggrrrrr"/>
    <tlsState time="138.00" id="A" programID="0" phase="0" state="GGGggrrrrrGGGggrrrrr"/>
    <tlsState time="139.00" id="A" programID="0" phase="0" state="GGGggrrrrrGGGggrrrrr"/>
   <interval begin="130.00" end="140.00" id="wA0" sampledSeconds="0.00" nVehEntered="0" nVehLeft="0" nVehSeen="0" meanSpeed="-1.00" meanTimeLoss="-1.00" meanOccupancy="0.00" maxOccupancy="0.00" meanMaxJamLengthInVehicles="0.00" meanMaxJamLengthInMeters="0.00" maxJamLengthInVehicles="0" maxJamLengthInMeters="0.00" jamLengthInVehiclesSum="0" jamLengthInMetersSum="0.00" meanHaltingDuration="0.00" maxHaltingDuration="0.00" haltingDurationSum="0.00" meanIntervalHaltingDuration="0.00" maxIntervalHaltingDuration="0.00" intervalHaltingDurationSum="0.00" startedHalts="0.00" meanVehicleNumber="0.00" maxVehicleNumber="0" />
   <interval begin="130.00" end="140.00" id="nA0" sampledSeconds="1.63" nVehEntered="0" nVehLeft="1" nVehSeen="1" meanSpeed="0.86" meanTimeLoss="1.54" meanOccupancy="0.27" maxOccupancy="2.70" meanMaxJamLengthInVehicles="0.20" meanMaxJamLengthInMeters="0.08" maxJamLengthInVehicles="1" maxJamLengthInMeters="0.81" jamLengthInVehiclesSum="2" jamLengthInMetersSum="0.81" meanHaltingDuration="0.00" maxHaltingDuration="0.00" haltingDurationSum="0.00" meanIntervalHaltingDuration="0.00" maxIntervalHaltingDuration="0.00" intervalHaltingDurationSum="0.00" startedHalts="0.00" meanVehicleNumber="0.20" maxVehicleNumber="1" />
   <interval begin="130.00" end="140.00" id="eA0" sampledSeconds="3.64" nVehEntered="1" nVehLeft="0" nVehSeen="1" meanSpeed="9.16" meanTimeLoss="0.98" meanOccupancy="5.54" maxOccupancy="16.67" meanMaxJamLengthInVehicles="0.00" meanMaxJamLengthInMeters="0.00" maxJamLengthInVehicles="0" maxJamLengthInMeters="0.00" jamLengthInVehiclesSum="0" jamLengthInMetersSum="0.00" meanHaltingDuration="0.00" maxHaltingDuration="0.00" haltingDurationSum="0.00" meanIntervalHaltingDuration="0.00" maxIntervalHaltingDuration="0.00" intervalHaltingDurationSum="0.00" startedHalts="0.00" meanVehicleNumber="0.40" maxVehicleNumber="1" />
   <interval begin="130.00" end="140.00" id="sA0" sampledSeconds="1.87" nVehEntered="0" nVehLeft="1" nVehSeen="1" meanSpeed="0.75" meanTimeLoss="1.76" meanOccupancy="0.30" maxOccupancy="2.98" meanMaxJamLengthInVehicles="0.20" meanMaxJamLengthInMeters="0.09" maxJamLengthInVehicles="1" maxJamLengthInMeters="0.89" jamLengthInVehiclesSum="2" jamLengthInMetersSum="0.89" meanHaltingDuration="0.00" maxHaltingDuration="0.00" haltingDurationSum="0.00" meanIntervalHaltingDuration="0.00" maxIntervalHaltingDuration="0.00" intervalHaltingDurationSum="0.00" startedHalts="0.00" meanVehicleNumber="0.20" maxVehicleNumber="1" />
    <tlsState time="140.00" id="A" programID="0" phase="2" state="rrrrrGGGggrrrrrGGGgg"/>
    <tlsState time="141.00" id="A" programID="0" phase="2" state="rrrrrGGGggrrrrrGGGgg"/>
    <tlsState time="142.00" id="A" programID="0" phase="2" state="rrrrrGGGggrrrrrGGGgg"/>
    <tlsState time="143.00" id="A" programID="0" phase="2" state="rrrrrGGGggrrrrrGGGgg"/>
    <tlsState time="144.00" id="A" programID="0" phase="2" state="rrrrrGGGggrrrrrGGGgg"/>
    <tlsState time="145.00" id="A" programID="0" phase="2" state="rrrrrGGGggrrrrrGGGgg"/>
    <tlsState time="146.00" id="A" programID="0" phase="2" state="rrrrrGGGggrrrrrGGGgg"/>
    <tlsState time="147.00" id="A" programID="0" phase="2" state="rrrrrGGGggrrrrrGGGgg"/>
    <tlsState time="148.00" id="A" programID="0" phase="2" state="rrrrrGGGggrrrrrGGGgg"/>
    <tlsState time="149.00" id="A" programID="0" phase="2" state="rrrrrGGGggrrrrrGGGgg"/>
   <interval begin="140.00" end="150.00" id="wA0" sampledSeconds="0.00" nVehEntered="0" nVehLeft="0" nVehSeen="0" meanSpeed="-1.00" meanTimeLoss="-1.00" meanOccupancy="0.00" maxOccupancy="0.00" meanMaxJamLengthInVehicles="0.00" meanMaxJamLengthInMeters="0.00" maxJamLengthInVehicles="0" maxJamLengthInMeters="0.00" jamLengthInVehiclesSum="0" jamLengthInMetersSum="0.00" meanHaltingDuration="0.00" maxHaltingDuration="0.00" haltingDurationSum="0.00" meanIntervalHaltingDuration="0.00" maxIntervalHaltingDuration="0.00" intervalHaltingDurationSum="0.00" startedHalts="0.00" meanVehicleNumber="0.00" maxVehicleNumber="0" />
   <interval begin="140.00" end="150.00" id="nA0" sampledSeconds="0.00" nVehEntered="0" nVehLeft="0" nVehSeen="0" meanSpeed="-1.00" meanTimeLoss="-1.00" meanOccupancy="0.00" maxOccupancy="0.00" meanMaxJamLengthInVehicles="0.00" meanMaxJamLengthInMeters="0.00" maxJamLengthInVehicles="0" maxJamLengthInMeters="0.00" jamLengthInVehiclesSum="0" jamLengthInMetersSum="0.00" meanHaltingDuration="0.00" maxHaltingDuration="0.00" haltingDurationSum="0.00" meanIntervalHaltingDuration="0.00" maxIntervalHaltingDuration="0.00" intervalHaltingDurationSum="0.00" startedHalts="0.00" meanVehicleNumber="0.00" maxVehicleNumber="0" />
   <interval begin="140.00" end="150.00" id="eA0" sampledSeconds="0.31" nVehEntered="0" nVehLeft="1" nVehSeen="1" meanSpeed="5.21" meanTimeLoss="0.18" meanOccupancy="0.00" maxOccupancy="0.00" meanMaxJamLengthInVehicles="0.00" meanMaxJamLengthInMeters="0.00" maxJamLengthInVehicles="0" maxJamLengthInMeters="0.00" jamLengthInVehiclesSum="0" jamLengthInMetersSum="0.00" meanHaltingDuration="0.00" maxHaltingDuration="0.00" haltingDurationSum="0.00" meanIntervalHaltingDuration="0.00" maxIntervalHaltingDuration="0.00" intervalHaltingDurationSum="0.00" startedHalts="0.00" meanVehicleNumber="0.10" maxVehicleNumber="1" />
   <interval begin="140.00" end="150.00" id="sA0" sampledSeconds="0.00" nVehEntered="0" nVehLeft="0" nVehSeen="0" meanSpeed="-1.00" meanTimeLoss="-1.00" meanOccupancy="0.00" maxOccupancy="0.00" meanMaxJamLengthInVehicles="0.00" meanMaxJamLengthInMeters="0.00" maxJamLengthInVehicles="0" maxJamLengthInMeters="0.00" jamLengthInVehiclesSum="0" jamLengthInMetersSum="0.00" meanHaltingDuration="0.00" maxHaltingDuration="0.00" haltingDurationSum="0.00" meanIntervalHaltingDuration="0.00" maxIntervalHaltingDuration="0.00" intervalHaltingDurationSum="0.00" startedHalts="0.00" meanVehicleNumber="0.00" maxVehicleNumber="0" />
    <tlsState time="150.00" id="A" programID="0" phase="0" state="GGGggrrrrrGGGggrrrrr"/>
    <tlsState time="151.00" id="A" programID="0" phase="0" state="GGGggrrrrrGGGggrrrrr"/>
    <tlsState time="152.00" id="A" programID="0" phase="0" state="GGGggrrrrrGGGggrrrrr"/>
    <tlsState time="153.00" id="A" programID="0" phase="0" state="GGGggrrrrrGGGggrrrrr"/>
    <tlsState time="154.00" id="A" programID="0" phase="0" state="GGGggrrrrrGGGggrrrrr"/>
    <tlsState time="155.00" id="A" programID="0" phase="0" state="GGGggrrrrrGGGggrrrrr"/>
    <tlsState time="156.00" id="A" programID="0" phase="0" state="GGGggrrrrrGGGggrrrrr"/>
    <tlsState time="157.00" id="A" programID="0" phase="0" state="GGGggrrrrrGGGggrrrrr"/>
    <tlsState time="158.00" id="A" programID="0" phase="0" state="GGGggrrrrrGGGggrrrrr"/>
    <tlsState time="159.00" id="A" programID="0" phase="0" state="GGGggrrrrrGGGggrrrrr"/>
   <interval begin="150.00" end="160.00" id="wA0" sampledSeconds="10.30" nVehEntered="2" nVehLeft="1" nVehSeen="2" meanSpeed="4.17" meanTimeLoss="3.67" meanOccupancy="10.05" maxOccupancy="21.34" meanMaxJamLengthInVehicles="0.50" meanMaxJamLengthInMeters="0.70" maxJamLengthInVehicles="1" maxJamLengthInMeters="1.40" jamLengthInVehiclesSum="5" jamLengthInMetersSum="7.01" meanHaltingDuration="6.00" maxHaltingDuration="6.00" haltingDurationSum="6.00" meanIntervalHaltingDuration="6.00" maxIntervalHaltingDuration="6.00" intervalHaltingDurationSum="6.00" startedHalts="1.00" meanVehicleNumber="1.10" maxVehicleNumber="2" />
   <interval begin="150.00" end="160.00" id="nA0" sampledSeconds="0.00" nVehEntered="0" nVehLeft="0" nVehSeen="0" meanSpeed="-1.00" meanTimeLoss="-1.00" meanOccupancy="0.00" maxOccupancy="0.00" meanMaxJamLengthInVehicles="0.00" meanMaxJamLengthInMeters="0.00" maxJamLengthInVehicles="0" maxJamLengthInMeters="0.00" jamLengthInVehiclesSum="0" jamLengthInMetersSum="0.00" meanHaltingDuration="0.00" maxHaltingDuration="0.00" haltingDurationSum="0.00" meanIntervalHaltingDuration="0.00" maxIntervalHaltingDuration="0.00" intervalHaltingDurationSum="0.00" startedHalts="0.00" meanVehicleNumber="0.00" maxVehicleNumber="0" />
   <interval begin="150.00" end="160.00" id="eA0" sampledSeconds="10.37" nVehEntered="2" nVehLeft="1" nVehSeen="2" meanSpeed="4.65" meanTimeLoss="3.42" meanOccupancy="10.39" maxOccupancy="21.34" meanMaxJamLengthInVehicles="0.40" meanMaxJamLengthInMeters="0.56" maxJamLengthInVehicles="1" maxJamLengthInMeters="1.40" jamLengthInVehiclesSum="4" jamLengthInMetersSum="5.61" meanHaltingDuration="5.00" maxHaltingDuration="5.00" haltingDurationSum="5.00" meanIntervalHaltingDuration="5.00" maxIntervalHaltingDuration="5.00" intervalHaltingDurationSum="5.00" startedHalts="1.00" meanVehicleNumber="1.20" maxVehicleNumber="2" />
   <interval begin="150.00" end="160.00" id="sA0" sampledSeconds="0.00" nVehEntered="0" nVehLeft="0" nVehSeen="0" meanSpeed="-1.00" meanTimeLoss="-1.00" meanOccupancy="0.00" maxOccupancy="0.00" meanMaxJamLengthInVehicles="0.00" meanMaxJamLengthInMeters="0.00" maxJamLengthInVehicles="0" maxJamLengthInMeters="0.00" jamLengthInVehiclesSum="0" jamLengthInMetersSum="0.00" meanHaltingDuration="0.00" maxHaltingDuration="0.00" haltingDurationSum="0.00" meanIntervalHaltingDuration="0.00" maxIntervalHaltingDuration="0.00" intervalHaltingDurationSum="0.00" startedHalts="0.00" meanVehicleNumber="0.00" maxVehicleNumber="0" />
    <tlsState time="160.00" id="A" programID="0" phase="2" state="rrrrrGGGggrrrrrGGGgg"/>
    <tlsState time="161.00" id="A" programID="0" phase="2" state="rrrrrGGGggrrrrrGGGgg"/>
    <tlsState time="162.00" id="A" programID="0" phase="2" state="rrrrrGGGggrrrrrGGGgg"/>
    <tlsState time="163.00" id="A" programID="0" phase="2" state="rrrrrGGGggrrrrrGGGgg"/>
    <tlsState time="164.00" id="A" programID="0" phase="2" state="rrrrrGGGggrrrrrGGGgg"/>
    <tlsState time="165.00" id="A" programID="0" phase="2" state="rrrrrGGGggrrrrrGGGgg"/>
    <tlsState time="166.00" id="A" programID="0" phase="2" state="rrrrrGGGggrrrrrGGGgg"/>
    <tlsState time="167.00" id="A" programID="0" phase="2" state="rrrrrGGGggrrrrrGGGgg"/>
    <tlsState time="168.00" id="A" programID="0" phase="2" state="rrrrrGGGggrrrrrGGGgg"/>
    <tlsState time="169.00" id="A" programID="0" phase="2" state="rrrrrGGGggrrrrrGGGgg"/>
   <interval begin="160.00" end="170.00" id="wA0" sampledSeconds="6.26" nVehEntered="2" nVehLeft="3" nVehSeen="3" meanSpeed="9.16" meanTimeLoss="0.80" meanOccupancy="8.21" maxOccupancy="16.67" meanMaxJamLengthInVehicles="0.20" meanMaxJamLengthInMeters="0.08" maxJamLengthInVehicles="1" maxJamLengthInMeters="0.85" jamLengthInVehiclesSum="2" jamLengthInMetersSum="0.85" meanHaltingDuration="0.00" maxHaltingDuration="0.00" haltingDurationSum="0.00" meanIntervalHaltingDuration="0.00" maxIntervalHaltingDuration="0.00" intervalHaltingDurationSum="0.00" startedHalts="0.00" meanVehicleNumber="0.80" maxVehicleNumber="2" />
   <interval begin="160.00" end="170.00" id="nA0" sampledSeconds="0.00" nVehEntered="0" nVehLeft="0" nVehSeen="0" meanSpeed="-1.00" meanTimeLoss="-1.00" meanOccupancy="0.00" maxOccupancy="0.00" meanMaxJamLengthInVehicles="0.00" meanMaxJamLengthInMeters="0.00" maxJamLengthInVehicles="0" maxJamLengthInMeters="0.00" jamLengthInVehiclesSum="0" jamLengthInMetersSum="0.00" meanHaltingDuration="0.00" maxHaltingDuration="0.00" haltingDurationSum="0.00" meanIntervalHaltingDuration="0.00" maxIntervalHaltingDuration="0.00" intervalHaltingDurationSum="0.00" startedHalts="0.00" meanVehicleNumber="0.00" maxVehicleNumber="0" />
   <interval begin="160.00" end="170.00" id="eA0" sampledSeconds="5.77" nVehEntered="2" nVehLeft="3" nVehSeen="3" meanSpeed="8.69" meanTimeLoss="0.80" meanOccupancy="5.81" maxOccupancy="16.67" meanMaxJamLengthInVehicles="0.30" meanMaxJamLengthInMeters="0.11" maxJamLengthInVehicles="1" maxJamLengthInMeters="0.99" jamLengthInVehiclesSum="3" jamLengthInMetersSum="1.07" meanHaltingDuration="0.00" maxHaltingDuration="0.00" haltingDurationSum="0.00" meanIntervalHaltingDuration="0.00" maxIntervalHaltingDuration="0.00" intervalHaltingDurationSum="0.00" startedHalts="0.00" meanVehicleNumber="0.80" maxVehicleNumber="2" />
   <interval begin="160.00" end="170.00" id="sA0" sampledSeconds="3.66" nVehEntered="1" nVehLeft="0" nVehSeen="1" meanSpeed="9.11" meanTimeLoss="0.85" meanOccupancy="5.55" maxOccupancy="16.67" meanMaxJamLengthInVehicles="0.00" meanMaxJamLengthInMeters="0.00" maxJamLengthInVehicles="0" maxJamLengthInMeters="0.00" jamLengthInVehiclesSum="0" jamLengthInMetersSum="0.00" meanHaltingDuration="0.00" maxHaltingDuration="0.00" haltingDurationSum="0.00" meanIntervalHaltingDuration="0.00" maxIntervalHaltingDuration="0.00" intervalHaltingDurationSum="0.00" startedHalts="0.00" meanVehicleNumber="0.40" maxVehicleNumber="1" />
    <tlsState time="170.00" id="A" programID="0" phase="2" state="rrrrrGGGggrrrrrGGGgg"/>
    <tlsState time="171.00" id="A" programID="0" phase="2" state="rrrrrGGGggrrrrrGGGgg"/>
    <tlsState time="172.00" id="A" programID="0" phase="2" state="rrrrrGGGggrrrrrGGGgg"/>
    <tlsState time="173.00" id="A" programID="0" phase="2" state="rrrrrGGGggrrrrrGGGgg"/>
    <tlsState time="174.00" id="A" programID="0" phase="2" state="rrrrrGGGggrrrrrGGGgg"/>
    <tlsState time="175.00" id="A" programID="0" phase="2" state="rrrrrGGGggrrrrrGGGgg"/>
    <tlsState time="176.00" id="A" programID="0" phase="2" state="rrrrrGGGggrrrrrGGGgg"/>
    <tlsState time="177.00" id="A" programID="0" phase="2" state="rrrrrGGGggrrrrrGGGgg"/>
    <tlsState time="178.00" id="A" programID="0" phase="2" state="rrrrrGGGggrrrrrGGGgg"/>
    <tlsState time="179.00" id="A" programID="0" phase="2" state="rrrrrGGGggrrrrrGGGgg"/>
   <interval begin="170.00" end="180.00" id="wA0" sampledSeconds="5.65" nVehEntered="3" nVehLeft="2" nVehSeen="3" meanSpeed="12.75" meanTimeLoss="0.03" meanOccupancy="8.68" maxOccupancy="16.67" meanMaxJamLengthInVehicles="0.00" meanMaxJamLengthInMeters="0.00" maxJamLengthInVehicles="0" maxJamLengthInMeters="0.00" jamLengthInVehiclesSum="0" jamLengthInMetersSum="0.00" meanHaltingDuration="0.00" maxHaltingDuration="0.00" haltingDurationSum="0.00" meanIntervalHaltingDuration="0.00" maxIntervalHaltingDuration="0.00" intervalHaltingDurationSum="0.00" startedHalts="0.00" meanVehicleNumber="0.90" maxVehicleNumber="1" />
   <interval begin="170.00" end="180.00" id="nA0" sampledSeconds="10.60" nVehEntered="2" nVehLeft="1" nVehSeen="2" meanSpeed="4.32" meanTimeLoss="3.71" meanOccupancy="9.99" maxOccupancy="21.35" meanMaxJamLengthInVehicles="0.50" meanMaxJamLengthInMeters="0.70" maxJamLengthInVehicles="1" maxJamLengthInMeters="1.41" jamLengthInVehiclesSum="5" jamLengthInMetersSum="7.01" meanHaltingDuration="6.00" maxHaltingDuration="6.00" haltingDurationSum="6.00" meanIntervalHaltingDuration="6.00" maxIntervalHaltingDuration="6.00" intervalHaltingDurationSum="6.00" startedHalts="1.00" meanVehicleNumber="1.10" maxVehicleNumber="2" />
   <interval begin="170.00" end="180.00" id="eA0" sampledSeconds="2.84" nVehEntered="1" nVehLeft="1" nVehSeen="1" meanSpeed="12.33" meanTimeLoss="0.04" meanOccupancy="3.33" maxOccupancy="16.67" meanMaxJamLengthInVehicles="0.00" meanMaxJamLengthInMeters="0.00" maxJamLengthInVehicles="0" maxJamLengthInMeters="0.00" jamLengthInVehiclesSum="0" jamLengthInMetersSum="0.00" meanHaltingDuration="0.00" maxHaltingDuration="0.00" haltingDurationSum="0.00" meanIntervalHaltingDuration="0.00" maxIntervalHaltingDuration="0.00" intervalHaltingDurationSum="0.00" startedHalts="0.00" meanVehicleNumber="0.30" maxVehicleNumber="1" />
   <interval begin="170.00" end="180.00" id="sA0" sampledSeconds="10.83" nVehEntered="1" nVehLeft="1" nVehSeen="2" meanSpeed="1.08" meanTimeLoss="5.04" meanOccupancy="6.34" maxOccupancy="21.34" meanMaxJamLengthInVehicles="0.90" meanMaxJamLengthInMeters="1.26" maxJamLengthInVehicles="1" maxJamLengthInMeters="1.40" jamLengthInVehiclesSum="9" jamLengthInMetersSum="12.61" meanHaltingDuration="10.00" maxHaltingDuration="10.00" haltingDurationSum="10.00" meanIntervalHaltingDuration="10.00" maxIntervalHaltingDuration="10.00" intervalHaltingDurationSum="10.00" startedHalts="1.00" meanVehicleNumber="1.10" maxVehicleNumber="2" />
    <tlsState time="180.00" id="A" programID="0" phase="0" state="GGGggrrrrrGGGggrrrrr"/>
    <tlsState time="181.00" id="A" programID="0" phase="0" state="GGGggrrrrrGGGggrrrrr"/>
    <tlsState time="182.00" id="A" programID="0" phase="0" state="GGGggrrrrrGGGggrrrrr"/>
    <tlsState time="183.00" id="A" programID="0" phase="0" state="GGGggrrrrrGGGggrrrrr"/>
    <tlsState time="184.00" id="A" programID="0" phase="0" state="GGGggrrrrrGGGggrrrrr"/>
    <tlsState time="185.00" id="A" programID="0" phase="0" state="GGGggrrrrrGGGggrrrrr"/>
    <tlsState time="186.00" id="A" programID="0" phase="0" state="GGGggrrrrrGGGggrrrrr"/>
    <tlsState time="187.00" id="A" programID="0" phase="0" state="GGGggrrrrrGGGggrrrrr"/>
    <tlsState time="188.00" id="A" programID="0" phase="0" state="GGGggrrrrrGGGggrrrrr"/>
    <tlsState time="189.00" id="A" programID="0" phase="0" state="GGGggrrrrrGGGggrrrrr"/>
   <interval begin="180.00" end="190.00" id="wA0" sampledSeconds="10.58" nVehEntered="1" nVehLeft="1" nVehSeen="2" meanSpeed="3.72" meanTimeLoss="3.67" meanOccupancy="9.53" maxOccupancy="21.34" meanMaxJamLengthInVehicles="0.50" meanMaxJamLengthInMeters="0.70" maxJamLengthInVehicles="1" maxJamLengthInMeters="1.40" jamLengthInVehiclesSum="5" jamLengthInMetersSum="7.01" meanHaltingDuration="6.00" maxHaltingDuration="6.00" haltingDurationSum="6.00" meanIntervalHaltingDuration="6.00" maxIntervalHaltingDuration="6.00" intervalHaltingDurationSum="6.00" startedHalts="1.00" meanVehicleNumber="1.10" maxVehicleNumber="2" />
   <interval begin="180.00" end="190.00" id="nA0" sampledSeconds="4.60" nVehEntered="1" nVehLeft="2" nVehSeen="2" meanSpeed="7.92" meanTimeLoss="1.12" meanOccupancy="5.10" maxOccupancy="16.67" meanMaxJamLengthInVehicles="0.20" meanMaxJamLengthInMeters="0.07" maxJamLengthInVehicles="1" maxJamLengthInMeters="0.66" jamLengthInVehiclesSum="2" jamLengthInMetersSum="0.66" meanHaltingDuration="0.00" maxHaltingDuration="0.00" haltingDurationSum="0.00" meanIntervalHaltingDuration="0.00" maxIntervalHaltingDuration="0.00" intervalHaltingDurationSum="0.00" startedHalts="0.00" meanVehicleNumber="0.60" maxVehicleNumber="1" />
   <interval begin="180.00" end="190.00" id="eA0" sampledSeconds="10.28" nVehEntered="2" nVehLeft="1" nVehSeen="2" meanSpeed="4.61" meanTimeLoss="3.50" meanOccupancy="10.09" maxOccupancy="21.34" meanMaxJamLengthInVehicles="0.40" meanMaxJamLengthInMeters="0.56" maxJamLengthInVehicles="1" maxJamLengthInMeters="1.41" jamLengthInVehiclesSum="4" jamLengthInMetersSum="5.61" meanHaltingDuration="5.00" maxHaltingDuration="5.00" haltingDurationSum="5.00" meanIntervalHaltingDuration="5.00" maxIntervalHaltingDuration="5.00" intervalHaltingDurationSum="5.00" startedHalts="1.00" meanVehicleNumber="1.20" maxVehicleNumber="2" />
   <interval begin="180.00" end="190.00" id="sA0" sampledSeconds="1.89" nVehEntered="0" nVehLeft="1" nVehSeen="1" meanSpeed="0.74" meanTimeLoss="1.77" meanOccupancy="0.28" maxOccupancy="2.84" meanMaxJamLengthInVehicles="0.20" meanMaxJamLengthInMeters="0.09" maxJamLengthInVehicles="1" maxJamLengthInMeters="0.85" jamLengthInVehiclesSum="2" jamLengthInMetersSum="0.85" meanHaltingDuration="0.00" maxHaltingDuration="0.00" haltingDurationSum="0.00" meanIntervalHaltingDuration="0.00" maxIntervalHaltingDuration="0.00" intervalHaltingDurationSum="0.00" startedHalts="0.00" meanVehicleNumber="0.20" maxVehicleNumber="1" />
    <tlsState time="190.00" id="A" programID="0" phase="2" state="rrrrrGGGggrrrrrGGGgg"/>
    <tlsState time="191.00" id="A" programID="0" phase="2" state="rrrrrGGGggrrrrrGGGgg"/>
    <tlsState time="192.00" id="A" programID="0" phase="2" state="rrrrrGGGggrrrrrGGGgg"/>
    <tlsState time="193.00" id="A" programID="0" phase="2" state="rrrrrGGGggrrrrrGGGgg"/>
    <tlsState time="194.00" id="A" programID="0" phase="2" state="rrrrrGGGggrrrrrGGGgg"/>
    <tlsState time="195.00" id="A" programID="0" phase="2" state="rrrrrGGGggrrrrrGGGgg"/>
    <tlsState time="196.00" id="A" programID="0" phase="2" state="rrrrrGGGggrrrrrGGGgg"/>
    <tlsState time="197.00" id="A" programID="0" phase="2" state="rrrrrGGGggrrrrrGGGgg"/>
    <tlsState time="198.00" id="A" programID="0" phase="2" state="rrrrrGGGggrrrrrGGGgg"/>
    <tlsState time="199.00" id="A" programID="0" phase="2" state="rrrrrGGGggrrrrrGGGgg"/>
   <interval begin="190.00" end="200.00" id="wA0" sampledSeconds="6.26" nVehEntered="2" nVehLeft="3" nVehSeen="3" meanSpeed="9.32" meanTimeLoss="0.65" meanOccupancy="6.93" maxOccupancy="16.67" meanMaxJamLengthInVehicles="0.20" meanMaxJamLengthInMeters="0.08" maxJamLengthInVehicles="1" maxJamLengthInMeters="0.79" jamLengthInVehiclesSum="2" jamLengthInMetersSum="0.79" meanHaltingDuration="0.00" maxHaltingDuration="0.00" haltingDurationSum="0.00" meanIntervalHaltingDuration="0.00" maxIntervalHaltingDuration="0.00" intervalHaltingDurationSum="0.00" startedHalts="0.00" meanVehicleNumber="0.70" maxVehicleNumber="2" />
   <interval begin="190.00" end="200.00" id="nA0" sampledSeconds="10.15" nVehEntered="2" nVehLeft="1" nVehSeen="2" meanSpeed="4.89" meanTimeLoss="3.07" meanOccupancy="11.00" maxOccupancy="21.34" meanMaxJamLengthInVehicles="0.40" meanMaxJamLengthInMeters="0.56" maxJamLengthInVehicles="1" maxJamLengthInMeters="1.40" jamLengthInVehiclesSum="4" jamLengthInMetersSum="5.61" meanHaltingDuration="5.00" maxHaltingDuration="5.00" haltingDurationSum="5.00" meanIntervalHaltingDuration="5.00" maxIntervalHaltingDuration="5.00" intervalHaltingDurationSum="5.00" startedHalts="1.00" meanVehicleNumber="1.10" maxVehicleNumber="2" />
   <interval begin="190.00" end="200.00" id="eA0" sampledSeconds="5.43" nVehEntered="2" nVehLeft="3" nVehSeen="3" meanSpeed="8.73" meanTimeLoss="0.62" meanOccupancy="6.40" maxOccupancy="16.67" meanMaxJamLengthInVehicles="0.20" meanMaxJamLengthInMeters="0.09" maxJamLengthInVehicles="1" maxJamLengthInMeters="0.93" jamLengthInVehiclesSum="2" jamLengthInMetersSum="0.93" meanHaltingDuration="0.00" maxHaltingDuration="0.00" haltingDurationSum="0.00" meanIntervalHaltingDuration="0.00" maxIntervalHaltingDuration="0.00" intervalHaltingDurationSum="0.00" startedHalts="0.00" meanVehicleNumber="0.70" maxVehicleNumber="2" />
   <interval begin="190.00" end="200.00" id="sA0" sampledSeconds="0.00" nVehEntered="0" nVehLeft="0" nVehSeen="0" meanSpeed="-1.00" meanTimeLoss="-1.00" meanOccupancy="0.00" maxOccupancy="0.00" meanMaxJamLengthInVehicles="0.00" meanMaxJamLengthInMeters="0.00" maxJamLengthInVehicles="0" maxJamLengthInMeters="0.00" jamLengthInVehiclesSum="0" jamLengthInMetersSum="0.00" meanHaltingDuration="0.00" maxHaltingDuration="0.00" haltingDurationSum="0.00" meanIntervalHaltingDuration="0.00" maxIntervalHaltingDuration="0.00" intervalHaltingDurationSum="0.00" startedHalts="0.00" meanVehicleNumber="0.00" maxVehicleNumber="0" />
    <tlsState time="200.00" id="A" programID="0" phase="2" state="rrrrrGGGggrrrrrGGGgg"/>
    <tlsState time="201.00" id="A" programID="0" phase="2" state="rrrrrGGGggrrrrrGGGgg"/>
    <tlsState time="202.00" id="A" programID="0" phase="2" state="rrrrrGGGggrrrrrGGGgg"/>
    <tlsState time="203.00" id="A" programID="0" phase="2" state="rrrrrGGGggrrrrrGGGgg"/>
    <tlsState time="204.00" id="A" programID="0" phase="2" state="rrrrrGGGggrrrrrGGGgg"/>
    <tlsState time="205.00" id="A" programID="0" phase="2" state="rrrrrGGGggrrrrrGGGgg"/>
    <tlsState time="206.00" id="A" programID="0" phase="2" state="rrrrrGGGggrrrrrGGGgg"/>
    <tlsState time="207.00" id="A" programID="0" phase="2" state="rrrrrGGGggrrrrrGGGgg"/>
    <tlsState time="208.00" id="A" programID="0" phase="2" state="rrrrrGGGggrrrrrGGGgg"/>
    <tlsState time="209.00" id="A" programID="0" phase="2" state="rrrrrGGGggrrrrrGGGgg"/>
   <interval begin="200.00" end="210.00" id="wA0" sampledSeconds="5.32" nVehEntered="2" nVehLeft="2" nVehSeen="2" meanSpeed="13.17" meanTimeLoss="0.04" meanOccupancy="6.67" maxOccupancy="16.67" meanMaxJamLengthInVehicles="0.00" meanMaxJamLengthInMeters="0.00" maxJamLengthInVehicles="0" maxJamLengthInMeters="0.00" jamLengthInVehiclesSum="0" jamLengthInMetersSum="0.00" meanHaltingDuration="0.00" maxHaltingDuration="0.00" haltingDurationSum="0.00" meanIntervalHaltingDuration="0.00" maxIntervalHaltingDuration="0.00" intervalHaltingDurationSum="0.00" startedHalts="0.00" meanVehicleNumber="0.60" maxVehicleNumber="1" />
   <interval begin="200.00" end="210.00" id="nA0" sampledSeconds="18.20" nVehEntered="1" nVehLeft="0" nVehSeen="2" meanSpeed="1.43" meanTimeLoss="8.18" meanOccupancy="18.88" maxOccupancy="21.34" meanMaxJamLengthInVehicles="1.40" meanMaxJamLengthInMeters="5.84" maxJamLengthInVehicles="2" maxJamLengthInMeters="12.50" jamLengthInVehiclesSum="14" jamLengthInMetersSum="58.41" meanHaltingDuration="10.00" maxHaltingDuration="15.00" haltingDurationSum="20.00" meanIntervalHaltingDuration="7.50" maxIntervalHaltingDuration="10.00" intervalHaltingDurationSum="15.00" startedHalts="1.00" meanVehicleNumber="1.90" maxVehicleNumber="2" />
   <interval begin="200.00" end="210.00" id="eA0" sampledSeconds="5.33" nVehEntered="2" nVehLeft="2" nVehSeen="2" meanSpeed="13.12" meanTimeLoss="0.07" meanOccupancy="8.34" maxOccupancy="16.67" meanMaxJamLengthInVehicles="0.00" meanMaxJamLengthInMeters="0.00" maxJamLengthInVehicles="0" maxJamLengthInMeters="0.00" jamLengthInVehiclesSum="0" jamLengthInMetersSum="0.00" meanHaltingDuration="0.00" maxHaltingDuration="0.00" haltingDurationSum="0.00" meanIntervalHaltingDuration="0.00" maxIntervalHaltingDuration="0.00" intervalHaltingDurationSum="0.00" startedHalts="0.00" meanVehicleNumber="0.80" maxVehicleNumber="1" />
   <interval begin="200.00" end="210.00" id="sA0" sampledSeconds="3.18" nVehEntered="1" nVehLeft="0" nVehSeen="1" meanSpeed="10.03" meanTimeLoss="1.00" meanOccupancy="5.15" maxOccupancy="16.67" meanMaxJamLengthInVehicles="0.00" meanMaxJamLengthInMeters="0.00" maxJamLengthInVehicles="0" maxJamLengthInMeters="0.00" jamLengthInVehiclesSum="0" jamLengthInMetersSum="0.00" meanHaltingDuration="0.00" maxHaltingDuration="0.00" haltingDurationSum="0.00" meanIntervalHaltingDuration="0.00" maxIntervalHaltingDuration="0.00" intervalHaltingDurationSum="0.00" startedHalts="0.00" meanVehicleNumber="0.40" maxVehicleNumber="1" />
    <tlsState time="210.00" id="A" programID="0" phase="2" state="rrrrrGGGggrrrrrGGGgg"/>
    <tlsState time="211.00" id="A" programID="0" phase="2" state="rrrrrGGGggrrrrrGGGgg"/>
    <tlsState time="212.00" id="A" programID="0" phase="2" state="rrrrrGGGggrrrrrGGGgg"/>
    <tlsState time="213.00" id="A" programID="0" phase="2" state="rrrrrGGGggrrrrrGGGgg"/>
    <tlsState time="214.00" id="A" programID="0" phase="2" state="rrrrrGGGggrrrrrGGGgg"/>
    <tlsState time="215.00" id="A" programID="0" phase="2" state="rrrrrGGGggrrrrrGGGgg"/>
    <tlsState time="216.00" id="A" programID="0" phase="2" state="rrrrrGGGggrrrrrGGGgg"/>
    <tlsState time="217.00" id="A" programID="0" phase="2" state="rrrrrGGGggrrrrrGGGgg"/>
    <tlsState time="218.00" id="A" programID="0" phase="2" state="rrrrrGGGggrrrrrGGGgg"/>
    <tlsState time="219.00" id="A" programID="0" phase="2" state="rrrrrGGGggrrrrrGGGgg"/>
   <interval begin="210.00" end="220.00" id="wA0" sampledSeconds="4.84" nVehEntered="2" nVehLeft="1" nVehSeen="2" meanSpeed="13.26" meanTimeLoss="0.03" meanOccupancy="8.55" maxOccupancy="16.67" meanMaxJamLengthInVehicles="0.00" meanMaxJamLengthInMeters="0.00" maxJamLengthInVehicles="0" maxJamLengthInMeters="0.00" jamLengthInVehiclesSum="0" jamLengthInMetersSum="0.00" meanHaltingDuration="0.00" maxHaltingDuration="0.00" haltingDurationSum="0.00" meanIntervalHaltingDuration="0.00" maxIntervalHaltingDuration="0.00" intervalHaltingDurationSum="0.00" startedHalts="0.00" meanVehicleNumber="0.70" maxVehicleNumber="1" />
   <interval begin="210.00" end="220.00" id="nA0" sampledSeconds="21.39" nVehEntered="1" nVehLeft="0" nVehSeen="3" meanSpeed="0.64" meanTimeLoss="6.80" meanOccupancy="24.67" maxOccupancy="38.00" meanMaxJamLengthInVehicles="2.00" meanMaxJamLengthInMeters="12.50" maxJamLengthInVehicles="2" maxJamLengthInMeters="12.50" jamLengthInVehiclesSum="20" jamLengthInMetersSum="125.01" meanHaltingDuration="20.00" maxHaltingDuration="25.00" haltingDurationSum="40.00" meanIntervalHaltingDuration="10.00" maxIntervalHaltingDuration="10.00" intervalHaltingDurationSum="20.00" startedHalts="0.00" meanVehicleNumber="2.20" maxVehicleNumber="3" />
   <interval begin="210.00" end="220.00" id="eA0" sampledSeconds="5.19" nVehEntered="2" nVehLeft="2" nVehSeen="2" meanSpeed="13.48" meanTimeLoss="0.07" meanOccupancy="7.31" maxOccupancy="16.67" meanMaxJamLengthInVehicles="0.00" meanMaxJamLengthInMeters="0.00" maxJamLengthInVehicles="0" maxJamLengthInMeters="0.00" jamLengthInVehiclesSum="0" jamLengthInMetersSum="0.00" meanHaltingDuration="0.00" maxHaltingDuration="0.00" haltingDurationSum="0.00" meanIntervalHaltingDuration="0.00" maxIntervalHaltingDuration="0.00" intervalHaltingDurationSum="0.00" startedHalts="0.00" meanVehicleNumber="0.70" maxVehicleNumber="1" />
   <interval begin="210.00" end="220.00" id="sA0" sampledSeconds="11.28" nVehEntered="1" nVehLeft="1" nVehSeen="2" meanSpeed="1.53" meanTimeLoss="5.03" meanOccupancy="7.66" maxOccupancy="21.34" meanMaxJamLengthInVehicles="0.80" meanMaxJamLengthInMeters="1.12" maxJamLengthInVehicles="1" maxJamLengthInMeters="1.42" jamLengthInVehiclesSum="8" jamLengthInMetersSum="11.24" meanHaltingDuration="9.00" maxHaltingDuration="9.00" haltingDurationSum="9.00" meanIntervalHaltingDuration="9.00" maxIntervalHaltingDuration="9.00" intervalHaltingDurationSum="9.00" startedHalts="1.00" meanVehicleNumber="1.20" maxVehicleNumber="2" />
    <tlsState time="220.00" id="A" programID="0" phase="2" state="rrrrrGGGggrrrrrGGGgg"/>
    <tlsState time="221.00" id="A" programID="0" phase="2" state="rrrrrGGGggrrrrrGGGgg"/>
    <tlsState time="222.00" id="A" programID="0" phase="2" state="rrrrrGGGggrrrrrGGGgg"/>
    <tlsState time="223.00" id="A" programID="0" phase="2" state="rrrrrGGGggrrrrrGGGgg"/>
    <tlsState time="224.00" id="A" programID="0" phase="2" state="rrrrrGGGggrrrrrGGGgg"/>
    <tlsState time="225.00" id="A" programID="0" phase="2" state="rrrrrGGGggrrrrrGGGgg"/>
    <tlsState time="226.00" id="A" programID="0" phase="2" state="rrrrrGGGggrrrrrGGGgg"/>
    <tlsState time="227.00" id="A" programID="0" phase="2" state="rrrrrGGGggrrrrrGGGgg"/>
    <tlsState time="228.00" id="A" programID="0" phase="2" state="rrrrrGGGggrrrrrGGGgg"/>
   <interval begin="220.00" end="229.00" id="wA0" sampledSeconds="2.96" nVehEntered="1" nVehLeft="2" nVehSeen="2" meanSpeed="13.82" meanTimeLoss="0.04" meanOccupancy="3.70" maxOccupancy="16.67" meanMaxJamLengthInVehicles="0.00" meanMaxJamLengthInMeters="0.00" maxJamLengthInVehicles="0" maxJamLengthInMeters="0.00" jamLengthInVehiclesSum="0" jamLengthInMetersSum="0.00" meanHaltingDuration="0.00" maxHaltingDuration="0.00" haltingDurationSum="0.00" meanIntervalHaltingDuration="0.00" maxIntervalHaltingDuration="0.00" intervalHaltingDurationSum="0.00" startedHalts="0.00" meanVehicleNumber="0.44" maxVehicleNumber="1" />
   <interval begin="220.00" end="229.00" id="nA0" sampledSeconds="25.23" nVehEntered="2" nVehLeft="1" nVehSeen="5" meanSpeed="1.06" meanTimeLoss="4.70" meanOccupancy="35.71" maxOccupancy="50.71" meanMaxJamLengthInVehicles="2.22" meanMaxJamLengthInMeters="14.17" maxJamLengthInVehicles="3" maxJamLengthInMeters="20.01" jamLengthInVehiclesSum="20" jamLengthInMetersSum="127.52" meanHaltingDuration="20.33" maxHaltingDuration="34.00" haltingDurationSum="61.00" meanIntervalHaltingDuration="7.00" maxIntervalHaltingDuration="9.00" intervalHaltingDurationSum="21.00" startedHalts="1.00" meanVehicleNumber="2.89" maxVehicleNumber="4" />
   <interval begin="220.00" end="229.00" id="eA0" sampledSeconds="4.06" nVehEntered="2" nVehLeft="1" nVehSeen="2" meanSpeed="13.87" meanTimeLoss="0.08" meanOccupancy="7.41" maxOccupancy="16.67" meanMaxJamLengthInVehicles="0.00" meanMaxJamLengthInMeters="0.00" maxJamLengthInVehicles="0" maxJamLengthInMeters="0.00" jamLengthInVehiclesSum="0" jamLengthInMetersSum="0.00" meanHaltingDuration="0.00" maxHaltingDuration="0.00" haltingDurationSum="0.00" meanIntervalHaltingDuration="0.00" maxIntervalHaltingDuration="0.00" intervalHaltingDurationSum="0.00" startedHalts="0.00" meanVehicleNumber="0.56" maxVehicleNumber="1" />
   <interval begin="220.00" end="229.00" id="sA0" sampledSeconds="9.00" nVehEntered="0" nVehLeft="0" nVehSeen="1" meanSpeed="0.00" meanTimeLoss="9.00" meanOccupancy="4.67" maxOccupancy="4.67" meanMaxJamLengthInVehicles="1.00" meanMaxJamLengthInMeters="1.40" maxJamLengthInVehicles="1" maxJamLengthInMeters="1.40" jamLengthInVehiclesSum="9" jamLengthInMetersSum="12.61" meanHaltingDuration="18.00" maxHaltingDuration="18.00" haltingDurationSum="18.00" meanIntervalHaltingDuration="9.00" maxIntervalHaltingDuration="9.00" intervalHaltingDurationSum="9.00" startedHalts="0.00" meanVehicleNumber="1.00" maxVehicleNumber="1" />
</detector>
